README	19301cd3	9940
README.f77	e169cbea	1596
amplsolv.lbc	f593d5e8	982
amplsolv.sy	f35a1599	1229
arith.ibm	f398be2b	1391
arith.h0	e206209c	2309
arithchk.c	fae7c666	5171
asl.h	1eca7e50	34625
asl_pfg.h	6483336	1268
asl_pfgh.h	49b5a53	1288
asldate.c	e63c486c	29
atof.c	1fabc7d3	1747
auxinfo.c	1a3c8690	1488
avldelete.c	f3dfe2cf	4753
avltree.c	fbd3632d	5727
avltree.h	8dde396	2296
b_search.c	18aac04a	3312
basename.c	e48c8248	1505
bscanf.c	f35108ae	4931
com2eval.c	cee65c1	11145
comeval.c	f3f26fb1	2700
comptry.bat	ef716235	77
con1ival.c	e03f607a	4978
con2ival.c	fc246fe9	5006
con2val.c	e8e8b32f	4549
conadj.c	bb213ed	2040
configure	1679ad6	1706
configurehere	fe9cf8de	1598
conpval.c	eaaf06a	17206
conscale.c	83a1310	3526
conval.c	78074e7	4119
derprop.c	e1181b02	1359
details.c0	fa7ec7b3	182
dtoa.c	f31509eb	87226
dtoa1.c	f4cd3eef	3280
duthes.c	ea8758e9	3635
dvalue.hd	fedc7579	1104
dynlink.c	f185cc89	1375
errchk.h	18e45db4	1786
f_read.c	15b643cc	1227
fg_read.c	e1cf7cb7	40254
fg_write.c	19602512	18940
fgh_read.c	e6f9c8ce	36805
float.h0	11d95cda	1822
fpecatch.c	e1d8a914	1574
fpinit.c	f4885217	4881
fpinitmt.c	edbbe38d	4690
fpsetprec.s	1d0b2972	535
fpsetprec64.s	987339e	488
fullhes.c	eeea81e	3978
func_add.c	ff08ec61	12538
funcadd.c	153afbf1	3487
funcadd.h	8f48c77	15120
funcadd0.c	ee0ae780	1392
funcadd1.c	16766e37	8291
funcaddk.c	1913fb94	3359
funcaddr.c	fc16b89a	1197
g_fmt.c	efcfdd3b	3452
genrowno.c	1a8171dc	1805
getenv.c	e86c81a2	1466
getstub.c	f07627b7	11970
getstub.h	a93abb1	6816
htcl.c	2dd6c9	2281
jac0dim.c	e34b75be	6779
jac2dim.c	f113dc34	1679
jac2dim.h	fb302fa6	2057
jacdim.c	ed5566c3	2109
jacinc.c	7ed490b	2577
jacinc1.c	e31fab9e	1973
jacpdim.h	ea424f77	2266
mach.c	ea56afd	2026
mainexit.c	e4761b9b	1713
makefile.lc	e643ce87	5696
makefile.sy	e049f50a	5241
makefile.u	342538d	10473
makefile.vc	e39568da	6667
makefile.wat	1b02332b	5535
mip_pri.c	19e54f76	7877
misc.c	e9c2bd4f	20898
mypow.c	1571ef65	2294
names.c	e0cd2a0c	4207
nl_obj.c	faef2e84	2054
nlp.h	f94bd3fd	5474
nlp2.h	e685079d	7241
nqpcheck.c	9938d79	18015
obj2val.c	73af237	4163
obj_prec.c	fd065560	1440
objconst.c	11aa4770	2257
objval.c	ea727e5a	5143
objval_.c	1b84f80e	4475
op_type.c	f0c0c4a8	1255
op_type.hd	46993b1	1265
op_typeb.hd	e07423bd	1265
opcode.hd	fa56de9c	1326
opnos.hd	ce11c7b	64
pfg_read.c	13c65608	103758
pfghread.c	e164ad5a	1261
printf.c	6177b8d	21568
pshvprod.c	2ebfa50	20824
psinfo.h	ee2214c4	9761
punknown.c	fa46cf10	1704
qp_read.c	dfbea40	3861
qpcheck.c	16ec2d20	1782
qsortv.c	14eac08c	4858
r_op.hd	128e5aec	875
r_opn.hd	ebeac2d1	412
r_opn0.hd	728330d	342
r_qp.hd	ed73d1c5	164
readsol.c	f35fe0e9	8427
repwhere.c	f6db09d0	2659
rnd_prod.s	f4996bed	1471
rops.c	f85fafd3	24287
rops2.c	1a8088e5	24292
sigcatch.c	e883ab2	2372
sjac0dim.c	ff686adb	1546
sos_add.c	f0109117	24089
sphes.c	bb43c30	27124
sprintf.c	e6ce1d45	3050
sscanf.c	e8b1a5c0	2932
stderr.c	b6811	1932
stdio1.h0	e6e5dc11	2909
strerror.c	1c5c813a	1362
studchk0.c	d874b49	1387
suf_sos.c	f1f6a367	11237
value.c	ec47833	7868
writesol.c	4e56703	12349
wrtsol_.c	e8b23ad5	2429
ws_desc.c	fceb8f65	214
wsu_desc.c	fbb1c30c	170
x2check.c	e7ff7f30	2203
xectim.c	13655886	2853
xp1known.c	5a33e12	3539
xp2known.c	1da57224	6562
