Dakota version 6.2+ (stable) released Aug  7 2015.
Subversion revision 3550 built Aug  7 2015 16:35:56.
Running MPI Dakota executable in serial mode.
Start time: Mon Aug 10 17:05:06 2015

------------------------
Begin DAKOTA input file
dakota_cantilever_lhs.in
------------------------
environment
  tabular_data output_precision 1e-16

method
  sampling 
  sample_type lhs 
  samples = 70
  seed = 3845

variables
  active all						
  continuous_design = 3					
    upper_bounds = 1.2 1.2 6.0 
    lower_bounds = 0.8 0.8 4.0
    descriptors    "w"     "t"     "L"
  continuous_state = 4
    upper_bounds = 600. 35.E+6 60. 120.
    lower_bounds = 400. 23.E+6 40. 80.
    descriptors    'p'   'E'   'X'  'Y'

interface
  fork
    analysis_driver = 'driver.sh'

responses
  response_functions = 3
  descriptors = 'mass' 
                'stress'
                'displacement'
  no_gradients no_hessians

---------------------
End DAKOTA input file
---------------------

Using Dakota input file 'dakota_cantilever_lhs.in'
Writing new restart file dakota.rst

>>>>> Executing environment.

>>>>> Running random_sampling iterator.

NonD lhs Samples = 70 Seed (user-specified) = 3845
sample ranks Teuchos::SerialDenseMatrix

Values_copied : yes
Rows : 7
Columns : 70
LDA : 7
63 40 50 27 44 39 56 58 11 15 16 64 12 17 54 2 19 36 45 66 29 31 69 8 21 3 4 1 7 14 62 20 28 10 41 68 52 38 30 35 46 13 5 32 42 22 18 34 23 55 70 59 6 37 26 49 25 51 48 47 61 53 24 33 67 60 43 9 65 57 
4 29 42 35 25 28 51 41 60 26 37 15 39 49 70 24 40 53 64 48 47 68 12 7 52 50 57 13 45 31 30 20 19 61 69 2 14 62 36 67 65 32 1 22 38 59 11 16 66 33 46 5 3 34 9 54 17 55 21 43 23 58 6 44 8 18 10 56 63 27 
20 64 44 7 46 55 25 31 21 45 5 19 24 40 52 66 69 63 57 3 17 6 67 35 49 58 34 59 16 13 22 47 37 39 50 43 41 48 60 12 4 30 9 10 56 36 18 68 15 54 14 23 42 27 28 65 32 8 38 70 53 62 2 61 11 33 29 1 51 26 
23 1 9 6 41 16 34 12 42 15 43 50 46 48 33 44 22 40 63 13 58 53 7 45 5 51 17 30 28 37 8 11 39 36 68 20 49 52 56 3 61 31 2 67 10 26 54 64 4 47 55 19 69 24 32 65 62 27 21 60 57 25 38 18 70 29 66 59 35 14 
35 19 23 66 68 69 14 6 13 43 9 39 62 47 36 46 58 63 3 57 33 55 50 2 34 52 21 61 4 20 51 59 7 29 56 1 70 41 5 31 26 8 44 60 27 18 42 24 25 64 49 48 17 65 16 32 67 12 40 15 45 38 22 54 28 11 30 53 10 37 
70 44 10 53 46 19 12 9 33 1 62 56 59 60 52 48 21 28 57 5 43 35 13 20 67 66 3 27 7 51 22 18 25 55 6 37 16 11 38 58 41 50 17 54 68 32 14 26 2 65 31 36 29 49 47 4 40 42 34 63 23 69 61 30 8 64 15 39 45 24 
24 69 23 46 65 8 47 13 22 51 12 53 66 52 11 31 68 25 32 42 21 49 1 29 61 10 50 28 30 37 59 2 63 15 14 36 40 54 43 19 34 9 39 57 26 64 44 4 18 62 38 20 35 48 6 70 17 16 33 45 3 5 67 41 27 60 56 7 58 55 

---------------------
Begin Evaluation    1
---------------------
Parameters for evaluation 1:
                      1.1570886156e+00 w
                      8.2140928086e-01 t
                      4.5509025546e+00 L
                      4.6439738613e+02 p
                      2.8898712393e+07 E
                      5.9995839300e+01 X
                      9.3560708788e+01 Y

blocking fork: driver.sh /tmp/dakota_params_47ce6fe4 /tmp/dakota_results_fa5f465c

Active response data for evaluation 1:
Active set vector = { 1 1 1 }
                      1.1624379800e+00 mass
                      1.0463749900e+05 stress
                      2.0002826200e-03 displacement



---------------------
Begin Evaluation    2
---------------------
Parameters for evaluation 2:
                      1.0280106848e+00 w
                      9.6390819742e-01 t
                      5.8269410289e+00 L
                      4.0123931585e+02 p
                      2.6188761158e+07 E
                      5.2521671990e+01 X
                      1.1926092152e+02 Y

blocking fork: driver.sh /tmp/dakota_params_d663e963 /tmp/dakota_results_b0949e9a

Active response data for evaluation 2:
Active set vector = { 1 1 1 }
                      1.3407063600e+00 mass
                      1.0585263300e+05 stress
                      4.1975172900e-03 displacement



---------------------
Begin Evaluation    3
---------------------
Parameters for evaluation 3:
                      1.0822665723e+00 w
                      1.0385935025e+00 t
                      5.2449448901e+00 L
                      4.2403531392e+02 p
                      2.6826083828e+07 E
                      4.2743937514e+01 X
                      9.2967089079e+01 Y

blocking fork: driver.sh /tmp/dakota_params_3c970ee2 /tmp/dakota_results_eec6bfbe

Active response data for evaluation 3:
Active set vector = { 1 1 1 }
                      1.4467019400e+00 mass
                      6.8862972200e+04 stress
                      1.7913995900e-03 displacement



---------------------
Begin Evaluation    4
---------------------
Parameters for evaluation 4:
                      9.5389506399e-01 w
                      9.9442450230e-01 t
                      4.1802451674e+00 L
                      4.1666774533e+02 p
                      3.4178929784e+07 E
                      5.5013954418e+01 X
                      1.0604233033e+02 Y

blocking fork: driver.sh /tmp/dakota_params_2872c4de /tmp/dakota_results_ecaca3ef

Active response data for evaluation 4:
Active set vector = { 1 1 1 }
                      9.5613742200e-01 mass
                      1.0393035800e+05 stress
                      1.1094532500e-03 displacement



---------------------
Begin Evaluation    5
---------------------
Parameters for evaluation 5:
                      1.0490742142e+00 w
                      9.3785477281e-01 t
                      5.3023764685e+00 L
                      5.1675745532e+02 p
                      3.4541406749e+07 E
                      5.3112382874e+01 X
                      1.1711277861e+02 Y

blocking fork: driver.sh /tmp/dakota_params_dc1a4179 /tmp/dakota_results_d0c542b8

Active response data for evaluation 5:
Active set vector = { 1 1 1 }
                      1.5601105600e+00 mass
                      1.0702587800e+05 stress
                      2.4849950200e-03 displacement



---------------------
Begin Evaluation    6
---------------------
Parameters for evaluation 6:
                      1.0175468260e+00 w
                      9.5567062506e-01 t
                      5.5435803719e+00 L
                      4.4523341948e+02 p
                      3.4765519577e+07 E
                      4.5322540034e+01 X
                      8.4394345839e+01 Y

blocking fork: driver.sh /tmp/dakota_params_3ddbe04f /tmp/dakota_results_765d0ea7

Active response data for evaluation 6:
Active set vector = { 1 1 1 }
                      1.3889832400e+00 mass
                      8.1969110800e+04 stress
                      2.0609985300e-03 displacement



---------------------
Begin Evaluation    7
---------------------
Parameters for evaluation 7:
                      1.1162189072e+00 w
                      1.0869581328e+00 t
                      4.7001037956e+00 L
                      4.9673711130e+02 p
                      2.5239533666e+07 E
                      4.3335077924e+01 X
                      1.0657454270e+02 Y

blocking fork: driver.sh /tmp/dakota_params_b1e046ce /tmp/dakota_results_3a170148

Active response data for evaluation 7:
Active set vector = { 1 1 1 }
                      1.6392776200e+00 mass
                      6.7686521100e+04 stress
                      1.3111865200e-03 displacement



---------------------
Begin Evaluation    8
---------------------
Parameters for evaluation 8:
                      1.1257910670e+00 w
                      1.0336437406e+00 t
                      4.8677318401e+00 L
                      4.3418364548e+02 p
                      2.3996670031e+07 E
                      4.2364179585e+01 X
                      8.7089402286e+01 Y

blocking fork: driver.sh /tmp/dakota_params_3dc34b10 /tmp/dakota_results_85c974e0

Active response data for evaluation 8:
Active set vector = { 1 1 1 }
                      1.4232626300e+00 mass
                      6.2845482300e+04 stress
                      1.4555755200e-03 displacement



---------------------
Begin Evaluation    9
---------------------
Parameters for evaluation 9:
                      8.5804282179e-01 w
                      1.1391152854e+00 t
                      4.5771816034e+00 L
                      5.1827307502e+02 p
                      2.5176574836e+07 E
                      4.9162783570e+01 X
                      9.2301409792e+01 Y

blocking fork: driver.sh /tmp/dakota_params_7002569c /tmp/dakota_results_522e3a60

Active response data for evaluation 9:
Active set vector = { 1 1 1 }
                      1.3418058900e+00 mass
                      8.4913494700e+04 stress
                      1.5208118700e-03 displacement



---------------------
Begin Evaluation   10
---------------------
Parameters for evaluation 10:
                      8.8446735764e-01 w
                      9.4757387585e-01 t
                      5.2706657872e+00 L
                      4.4023979035e+02 p
                      3.0256959109e+07 E
                      4.0160042401e+01 X
                      1.0881834578e+02 Y

blocking fork: driver.sh /tmp/dakota_params_1e88f0f0 /tmp/dakota_results_b9c63ddf

Active response data for evaluation 10:
Active set vector = { 1 1 1 }
                      1.1253974400e+00 mass
                      1.1472031700e+05 stress
                      3.0398305800e-03 displacement



---------------------
Begin Evaluation   11
---------------------
Parameters for evaluation 11:
                      8.8832213811e-01 w
                      1.0105864237e+00 t
                      4.1273399683e+00 L
                      5.2165310673e+02 p
                      2.4442731299e+07 E
                      5.7595629122e+01 X
                      8.6823800323e+01 Y

blocking fork: driver.sh /tmp/dakota_params_f968f194 /tmp/dakota_results_fc9fd307

Active response data for evaluation 11:
Active set vector = { 1 1 1 }
                      1.1185418800e+00 mass
                      1.0075500700e+05 stress
                      1.4360797500e-03 displacement



---------------------
Begin Evaluation   12
---------------------
Parameters for evaluation 12:
                      1.1619351619e+00 w
                      8.8554427578e-01 t
                      4.5146519452e+00 L
                      5.4085793529e+02 p
                      2.9566708164e+07 E
                      5.5878090084e+01 X
                      1.0980924124e+02 Y

blocking fork: driver.sh /tmp/dakota_params_547b90cf /tmp/dakota_results_f0dcc47a

Active response data for evaluation 12:
Active set vector = { 1 1 1 }
                      1.4539715800e+00 mass
                      1.0035085200e+05 stress
                      1.7666191000e-03 displacement



---------------------
Begin Evaluation   13
---------------------
Parameters for evaluation 13:
                      8.6393990470e-01 w
                      1.0188121360e+00 t
                      4.6773615765e+00 L
                      5.3067996310e+02 p
                      3.3457287514e+07 E
                      5.6614617405e+01 X
                      1.1764255475e+02 Y

blocking fork: driver.sh /tmp/dakota_params_278e84b9 /tmp/dakota_results_c67256e7

Active response data for evaluation 13:
Active set vector = { 1 1 1 }
                      1.2643506600e+00 mass
                      1.2338282000e+05 stress
                      1.8955635000e-03 displacement



---------------------
Begin Evaluation   14
---------------------
Parameters for evaluation 14:
                      8.9329230445e-01 w
                      1.0784148375e+00 t
                      5.1286924705e+00 L
                      5.3450588469e+02 p
                      3.0993476631e+07 E
                      5.6939171446e+01 X
                      1.0965511588e+02 Y

blocking fork: driver.sh /tmp/dakota_params_1b803cd2 /tmp/dakota_results_1c8f6f05

Active response data for evaluation 14:
Active set vector = { 1 1 1 }
                      1.5282516000e+00 mass
                      1.0303067600e+05 stress
                      2.1370344000e-03 displacement



---------------------
Begin Evaluation   15
---------------------
Parameters for evaluation 15:
                      1.1059762119e+00 w
                      1.1995805902e+00 t
                      5.4620711110e+00 L
                      4.9186597735e+02 p
                      2.9066981782e+07 E
                      5.4636983956e+01 X
                      8.5942337263e+01 Y

blocking fork: driver.sh /tmp/dakota_params_039671b6 /tmp/dakota_results_5c9c116e

Active response data for evaluation 15:
Active set vector = { 1 1 1 }
                      2.0626978300e+00 mass
                      5.4742391700e+04 stress
                      1.2606043200e-03 displacement



---------------------
Begin Evaluation   16
---------------------
Parameters for evaluation 16:
                      8.0808167890e-01 w
                      9.3390749297e-01 t
                      5.8724041528e+00 L
                      5.2536103517e+02 p
                      3.0828554908e+07 E
                      5.3567358742e+01 X
                      9.7252543623e+01 Y

blocking fork: driver.sh /tmp/dakota_params_9a2a13c9 /tmp/dakota_results_a50f2882

Active response data for evaluation 16:
Active set vector = { 1 1 1 }
                      1.3473771500e+00 mass
                      1.3549537900e+05 stress
                      4.8197491300e-03 displacement



---------------------
Begin Evaluation   17
---------------------
Parameters for evaluation 17:
                      9.0767930881e-01 w
                      1.0275306097e+00 t
                      5.9473398666e+00 L
                      4.6056764599e+02 p
                      3.2918611090e+07 E
                      4.5826184719e+01 X
                      1.1881984633e+02 Y

blocking fork: driver.sh /tmp/dakota_params_181b9d87 /tmp/dakota_results_20870bfa

Active response data for evaluation 17:
Active set vector = { 1 1 1 }
                      1.4784262000e+00 mass
                      1.0686983400e+05 stress
                      3.4404807500e-03 displacement



---------------------
Begin Evaluation   18
---------------------
Parameters for evaluation 18:
                      1.0003739972e+00 w
                      1.0998277556e+00 t
                      5.7975954060e+00 L
                      5.1210352968e+02 p
                      3.3639208277e+07 E
                      4.7899324740e+01 X
                      9.3913693077e+01 Y

blocking fork: driver.sh /tmp/dakota_params_9d25c095 /tmp/dakota_results_83f2a506

Active response data for evaluation 18:
Active set vector = { 1 1 1 }
                      1.8903795300e+00 mass
                      7.2677406600e+04 stress
                      1.9208751200e-03 displacement



---------------------
Begin Evaluation   19
---------------------
Parameters for evaluation 19:
                      1.0570366844e+00 w
                      1.1640409266e+00 t
                      5.6225656672e+00 L
                      5.7759417277e+02 p
                      2.3369562917e+07 E
                      5.6201986157e+01 X
                      9.8205296751e+01 Y

blocking fork: driver.sh /tmp/dakota_params_5e610894 /tmp/dakota_results_07e5879a

Active response data for evaluation 19:
Active set vector = { 1 1 1 }
                      2.3124476600e+00 mass
                      6.7066692200e+04 stress
                      2.1813648700e-03 displacement



---------------------
Begin Evaluation   20
---------------------
Parameters for evaluation 20:
                      1.1747273187e+00 w
                      1.0715763528e+00 t
                      4.0758751302e+00 L
                      4.3682088425e+02 p
                      3.2618295160e+07 E
                      4.1149433912e+01 X
                      1.0349665634e+02 Y

blocking fork: driver.sh /tmp/dakota_params_14bd13fb /tmp/dakota_results_ea83b710

Active response data for evaluation 20:
Active set vector = { 1 1 1 }
                      1.2970022100e+00 mass
                      6.2731856200e+04 stress
                      6.2623202500e-04 displacement



---------------------
Begin Evaluation   21
---------------------
Parameters for evaluation 21:
                      9.6099370879e-01 w
                      1.0662837782e+00 t
                      4.4771191683e+00 L
                      5.6541867538e+02 p
                      2.8568350078e+07 E
                      5.2231656875e+01 X
                      9.1712914772e+01 Y

blocking fork: driver.sh /tmp/dakota_params_f18cf36b /tmp/dakota_results_8202ddbc

Active response data for evaluation 21:
Active set vector = { 1 1 1 }
                      1.5011303700e+00 mass
                      8.2188666000e+04 stress
                      1.2080617900e-03 displacement



---------------------
Begin Evaluation   22
---------------------
Parameters for evaluation 22:
                      9.7425574616e-01 w
                      1.1866922224e+00 t
                      4.1440532137e+00 L
                      5.5051453946e+02 p
                      3.2334285005e+07 E
                      4.9788587057e+01 X
                      1.0748168460e+02 Y

blocking fork: driver.sh /tmp/dakota_params_88cae1b3 /tmp/dakota_results_784f5774

Active response data for evaluation 22:
Active set vector = { 1 1 1 }
                      1.5263757300e+00 mass
                      7.3525621300e+04 stress
                      7.0521799100e-04 displacement



---------------------
Begin Evaluation   23
---------------------
Parameters for evaluation 23:
                      1.1902788913e+00 w
                      8.6373505079e-01 t
                      5.9121120148e+00 L
                      4.1817563162e+02 p
                      3.1569712838e+07 E
                      4.3643106172e+01 X
                      8.0029285580e+01 Y

blocking fork: driver.sh /tmp/dakota_params_effd8a0c /tmp/dakota_results_1c536d50

Active response data for evaluation 23:
Active set vector = { 1 1 1 }
                      1.4709127500e+00 mass
                      7.5473007500e+04 stress
                      2.8423822800e-03 displacement



---------------------
Begin Evaluation   24
---------------------
Parameters for evaluation 24:
                      8.4325122720e-01 w
                      8.3711603466e-01 t
                      4.9752916133e+00 L
                      5.2831550748e+02 p
                      2.3238840833e+07 E
                      4.5430972004e+01 X
                      9.6248784066e+01 Y

blocking fork: driver.sh /tmp/dakota_params_69cf656e /tmp/dakota_results_56c0a311

Active response data for evaluation 24:
Active set vector = { 1 1 1 }
                      1.0737688600e+00 mass
                      1.4352129800e+05 stress
                      4.5490223200e-03 displacement



---------------------
Begin Evaluation   25
---------------------
Parameters for evaluation 25:
                      9.1741189911e-01 w
                      1.0941040947e+00 t
                      5.3947775216e+00 L
                      4.1287182928e+02 p
                      2.8788815974e+07 E
                      5.8949548553e+01 X
                      1.1457020567e+02 Y

blocking fork: driver.sh /tmp/dakota_params_89501aea /tmp/dakota_results_fb756ea2

Active response data for evaluation 25:
Active set vector = { 1 1 1 }
                      1.2938027300e+00 mass
                      1.0100524100e+05 stress
                      2.5776221100e-03 displacement



---------------------
Begin Evaluation   26
---------------------
Parameters for evaluation 26:
                      8.1317929845e-01 w
                      1.0808930445e+00 t
                      5.6357756748e+00 L
                      5.4432507362e+02 p
                      3.1859005202e+07 E
                      5.8606584245e+01 X
                      8.5347458216e+01 Y

blocking fork: driver.sh /tmp/dakota_params_9190460e /tmp/dakota_results_86d8ddc0

Active response data for evaluation 26:
Active set vector = { 1 1 1 }
                      1.5604050100e+00 mass
                      1.0309758200e+05 stress
                      2.9367439400e-03 displacement



---------------------
Begin Evaluation   27
---------------------
Parameters for evaluation 27:
                      8.1986007696e-01 w
                      1.1254058451e+00 t
                      4.9464283263e+00 L
                      4.4703389651e+02 p
                      2.6446802276e+07 E
                      4.0664843481e+01 X
                      1.0846512717e+02 Y

blocking fork: driver.sh /tmp/dakota_params_18fa00f4 /tmp/dakota_results_67593677

Active response data for evaluation 27:
Active set vector = { 1 1 1 }
                      1.1806939600e+00 mass
                      9.4927268700e+04 stress
                      2.0801350800e-03 displacement



---------------------
Begin Evaluation   28
---------------------
Parameters for evaluation 28:
                      8.0038254408e-01 w
                      8.7152901135e-01 t
                      5.6743797393e+00 L
                      4.8289891232e+02 p
                      3.3424612748e+07 E
                      4.7536680511e+01 X
                      9.5603707887e+01 Y

blocking fork: driver.sh /tmp/dakota_params_1fc3a546 /tmp/dakota_results_9e678a28

Active response data for evaluation 28:
Active set vector = { 1 1 1 }
                      1.1061406200e+00 mass
                      1.4544108200e+05 stress
                      4.5799044800e-03 displacement



---------------------
Begin Evaluation   29
---------------------
Parameters for evaluation 29:
                      8.3953091961e-01 w
                      1.0569771652e+00 t
                      4.4325060433e+00 L
                      4.7857398499e+02 p
                      2.3546491800e+07 E
                      4.1714523588e+01 X
                      9.6784868598e+01 Y

blocking fork: driver.sh /tmp/dakota_params_28e1d8d7 /tmp/dakota_results_8ed4fa1d

Active response data for evaluation 29:
Active set vector = { 1 1 1 }
                      1.0893237800e+00 mass
                      9.5511203500e+04 stress
                      1.7491713400e-03 displacement



---------------------
Begin Evaluation   30
---------------------
Parameters for evaluation 30:
                      8.7457774309e-01 w
                      9.7337845903e-01 t
                      4.3492726284e+00 L
                      5.0333866821e+02 p
                      2.6318887394e+07 E
                      5.4534072628e+01 X
                      1.0070892435e+02 Y

blocking fork: driver.sh /tmp/dakota_params_32e31fa0 /tmp/dakota_results_f0ae1169

Active response data for evaluation 30:
Active set vector = { 1 1 1 }
                      1.0784830900e+00 mass
                      1.1686994200e+05 stress
                      1.8799158000e-03 displacement



---------------------
Begin Evaluation   31
---------------------
Parameters for evaluation 31:
                      1.1529923931e+00 w
                      9.6706843335e-01 t
                      4.6233998198e+00 L
                      4.2166924478e+02 p
                      3.1578188293e+07 E
                      4.6151744331e+01 X
                      1.1336503404e+02 Y

blocking fork: driver.sh /tmp/dakota_params_d7200906 /tmp/dakota_results_5b24d8db

Active response data for evaluation 31:
Active set vector = { 1 1 1 }
                      1.2579787000e+00 mass
                      8.4618870700e+04 stress
                      1.4156524500e-03 displacement



---------------------
Begin Evaluation   32
---------------------
Parameters for evaluation 32:
                      9.1374966126e-01 w
                      9.0873904148e-01 t
                      5.3404980109e+00 L
                      4.2866216665e+02 p
                      3.2971246259e+07 E
                      4.4891146863e+01 X
                      8.0924491687e+01 Y

blocking fork: driver.sh /tmp/dakota_params_c5d7b290 /tmp/dakota_results_2784db70

Active response data for evaluation 32:
Active set vector = { 1 1 1 }
                      1.1000681500e+00 mass
                      9.9845782300e+04 stress
                      2.4874175200e-03 displacement



---------------------
Begin Evaluation   33
---------------------
Parameters for evaluation 33:
                      9.5708746815e-01 w
                      9.0719209568e-01 t
                      5.0339201903e+00 L
                      5.0985320436e+02 p
                      2.4125839482e+07 E
                      4.7044571930e+01 X
                      1.1587517770e+02 Y

blocking fork: driver.sh /tmp/dakota_params_feb88455 /tmp/dakota_results_dd03ed5a

Active response data for evaluation 33:
Active set vector = { 1 1 1 }
                      1.2896107000e+00 mass
                      1.2223269100e+05 stress
                      3.6505886200e-03 displacement



---------------------
Begin Evaluation   34
---------------------
Parameters for evaluation 34:
                      8.5281432402e-01 w
                      1.1467825947e+00 t
                      5.1108656167e+00 L
                      5.0045667801e+02 p
                      2.7888132256e+07 E
                      5.5575331738e+01 X
                      8.8290611838e+01 Y

blocking fork: driver.sh /tmp/dakota_params_86351b8d /tmp/dakota_results_4630ee47

Active response data for evaluation 34:
Active set vector = { 1 1 1 }
                      1.4476140600e+00 mass
                      8.7213431000e+04 stress
                      1.9915009200e-03 displacement



---------------------
Begin Evaluation   35
---------------------
Parameters for evaluation 35:
                      1.0311420035e+00 w
                      1.1932331410e+00 t
                      5.4227700123e+00 L
                      5.9357720229e+02 p
                      3.2466214851e+07 E
                      4.1699560589e+01 X
                      8.7680799846e+01 Y

blocking fork: driver.sh /tmp/dakota_params_27d6d202 /tmp/dakota_results_9ed42626

Active response data for evaluation 35:
Active set vector = { 1 1 1 }
                      2.2919146700e+00 mass
                      5.5553903600e+04 stress
                      1.1658172100e-03 displacement



---------------------
Begin Evaluation   36
---------------------
Parameters for evaluation 36:
                      1.1833326602e+00 w
                      8.0893779689e-01 t
                      5.2138555863e+00 L
                      4.5561859978e+02 p
                      2.3060520276e+07 E
                      5.0483234481e+01 X
                      1.0017989551e+02 Y

blocking fork: driver.sh /tmp/dakota_params_46ee372f /tmp/dakota_results_34822b5f

Active response data for evaluation 36:
Active set vector = { 1 1 1 }
                      1.3159478700e+00 mass
                      1.0436427200e+05 stress
                      4.0393990200e-03 displacement



---------------------
Begin Evaluation   37
---------------------
Parameters for evaluation 37:
                      1.0946482813e+00 w
                      8.7535960106e-01 t
                      5.1538019251e+00 L
                      5.3962021183e+02 p
                      3.4989804309e+07 E
                      4.4456365559e+01 X
                      1.0261027260e+02 Y

blocking fork: driver.sh /tmp/dakota_params_50cb3b2f /tmp/dakota_results_3f0461cf

Active response data for evaluation 37:
Active set vector = { 1 1 1 }
                      1.5421737000e+00 mass
                      9.8829919500e+04 stress
                      2.2694353100e-03 displacement



---------------------
Begin Evaluation   38
---------------------
Parameters for evaluation 38:
                      1.0161917524e+00 w
                      1.1532162132e+00 t
                      5.3581522165e+00 L
                      5.4843096551e+02 p
                      2.9979998618e+07 E
                      4.2888061624e+01 X
                      1.1075245342e+02 Y

blocking fork: driver.sh /tmp/dakota_params_bdbf16c0 /tmp/dakota_results_c01d2c81

Active response data for evaluation 38:
Active set vector = { 1 1 1 }
                      1.9928732700e+00 mass
                      7.0779369800e+04 stress
                      1.6298630000e-03 displacement



---------------------
Begin Evaluation   39
---------------------
Parameters for evaluation 39:
                      9.6937458234e-01 w
                      1.0041511877e+00 t
                      5.6890140637e+00 L
                      5.5799464180e+02 p
                      2.3704154060e+07 E
                      5.0790396115e+01 X
                      1.0445690358e+02 Y

blocking fork: driver.sh /tmp/dakota_params_520be750 /tmp/dakota_results_6fcca991

Active response data for evaluation 39:
Active set vector = { 1 1 1 }
                      1.7881915200e+00 mass
                      9.6416875000e+04 stress
                      3.7297157400e-03 displacement



---------------------
Begin Evaluation   40
---------------------
Parameters for evaluation 40:
                      9.9804747333e-01 w
                      1.1786459219e+00 t
                      4.3173696009e+00 L
                      4.0769451984e+02 p
                      2.8204096746e+07 E
                      5.6364774511e+01 X
                      9.0834343814e+01 Y

blocking fork: driver.sh /tmp/dakota_params_dc295015 /tmp/dakota_results_d0587d46

Active response data for evaluation 40:
Active set vector = { 1 1 1 }
                      1.1982430600e+00 mass
                      6.8113581000e+04 stress
                      8.3895970800e-04 displacement



---------------------
Begin Evaluation   41
---------------------
Parameters for evaluation 41:
                      1.0594655256e+00 w
                      1.1695993121e+00 t
                      4.0872577480e+00 L
                      5.7163337462e+02 p
                      2.7370751394e+07 E
                      5.1465959298e+01 X
                      9.8870708606e+01 Y

blocking fork: driver.sh /tmp/dakota_params_a2f563bd /tmp/dakota_results_db22d23b

Active response data for evaluation 41:
Active set vector = { 1 1 1 }
                      1.6754435400e+00 mass
                      6.4452777500e+04 stress
                      6.8925779800e-04 displacement



---------------------
Begin Evaluation   42
---------------------
Parameters for evaluation 42:
                      8.6911655683e-01 w
                      9.8054486759e-01 t
                      4.8389814487e+00 L
                      4.8586957780e+02 p
                      2.4326497290e+07 E
                      5.4131357318e+01 X
                      8.4972495071e+01 Y

blocking fork: driver.sh /tmp/dakota_params_b2ce7b18 /tmp/dakota_results_9516a901

Active response data for evaluation 42:
Active set vector = { 1 1 1 }
                      1.1595124600e+00 mass
                      1.0486290800e+05 stress
                      2.4875258700e-03 displacement



---------------------
Begin Evaluation   43
---------------------
Parameters for evaluation 43:
                      8.2303995592e-01 w
                      8.0571114195e-01 t
                      4.2347092294e+00 L
                      4.0310835372e+02 p
                      3.0397050518e+07 E
                      4.4698613212e+01 X
                      1.0206506440e+02 Y

blocking fork: driver.sh /tmp/dakota_params_f43ee36c /tmp/dakota_results_6f26dcb3

Active response data for evaluation 43:
Active set vector = { 1 1 1 }
                      6.5509147000e-01 mass
                      1.6375566100e+05 stress
                      2.5694942700e-03 displacement



---------------------
Begin Evaluation   44
---------------------
Parameters for evaluation 44:
                      9.8219706659e-01 w
                      9.2259655837e-01 t
                      4.2828924112e+00 L
                      5.9027460476e+02 p
                      3.3278345877e+07 E
                      5.5309466244e+01 X
                      1.1213240459e+02 Y

blocking fork: driver.sh /tmp/dakota_params_cc9de8bb /tmp/dakota_results_458ecdd8

Active response data for evaluation 44:
Active set vector = { 1 1 1 }
                      1.3257388700e+00 mass
                      1.1776047600e+05 stress
                      1.4971712800e-03 displacement



---------------------
Begin Evaluation   45
---------------------
Parameters for evaluation 45:
                      1.0357250151e+00 w
                      1.0156198019e+00 t
                      5.5834163236e+00 L
                      4.2692769868e+02 p
                      2.7540203973e+07 E
                      5.9357693478e+01 X
                      9.4545458708e+01 Y

blocking fork: driver.sh /tmp/dakota_params_3a3df79b /tmp/dakota_results_3cb11657

Active response data for evaluation 45:
Active set vector = { 1 1 1 }
                      1.4510628800e+00 mass
                      8.5788345100e+04 stress
                      2.5731905400e-03 displacement



---------------------
Begin Evaluation   46
---------------------
Parameters for evaluation 46:
                      9.2523529654e-01 w
                      1.1325784214e+00 t
                      5.0271248529e+00 L
                      4.7335086905e+02 p
                      2.6036731453e+07 E
                      4.9048879556e+01 X
                      1.1616775512e+02 Y

blocking fork: driver.sh /tmp/dakota_params_7d4051d1 /tmp/dakota_results_97619876

Active response data for evaluation 46:
Active set vector = { 1 1 1 }
                      1.4430440500e+00 mass
                      8.9081812200e+04 stress
                      1.9960285500e-03 displacement



---------------------
Begin Evaluation   47
---------------------
Parameters for evaluation 47:
                      9.0179249021e-01 w
                      8.5993843896e-01 t
                      4.5074525741e+00 L
                      5.5221955164e+02 p
                      3.0126486678e+07 E
                      4.3774846368e+01 X
                      1.0479774799e+02 Y

blocking fork: driver.sh /tmp/dakota_params_1d9f8541 /tmp/dakota_results_bb11b8d7

Active response data for evaluation 47:
Active set vector = { 1 1 1 }
                      1.1170514700e+00 mass
                      1.3184656100e+05 stress
                      2.3769129900e-03 displacement



---------------------
Begin Evaluation   48
---------------------
Parameters for evaluation 48:
                      9.9323956432e-01 w
                      8.8984305502e-01 t
                      5.9399804908e+00 L
                      5.8087076766e+02 p
                      2.6997819944e+07 E
                      4.7176716622e+01 X
                      8.1884984702e+01 Y

blocking fork: driver.sh /tmp/dakota_params_90ad056a /tmp/dakota_results_583f01d0

Active response data for evaluation 48:
Active set vector = { 1 1 1 }
                      1.7647704700e+00 mass
                      9.4715096200e+04 stress
                      4.0029180300e-03 displacement



---------------------
Begin Evaluation   49
---------------------
Parameters for evaluation 49:
                      9.2726081661e-01 w
                      1.1717824302e+00 t
                      4.4061618021e+00 L
                      4.0899534469e+02 p
                      2.7186645956e+07 E
                      4.0487559361e+01 X
                      8.9756275530e+01 Y

blocking fork: driver.sh /tmp/dakota_params_7b018871 /tmp/dakota_results_2fa21755

Active response data for evaluation 49:
Active set vector = { 1 1 1 }
                      1.1331410100e+00 mass
                      6.6409414900e+04 stress
                      9.3319839100e-04 displacement



---------------------
Begin Evaluation   50
---------------------
Parameters for evaluation 50:
                      1.1092725832e+00 w
                      9.8466510091e-01 t
                      5.5398566016e+00 L
                      5.3230519617e+02 p
                      3.3899948920e+07 E
                      5.8385120723e+01 X
                      1.1492045653e+02 Y

blocking fork: driver.sh /tmp/dakota_params_f9cb001c /tmp/dakota_results_1102263c

Active response data for evaluation 50:
Active set vector = { 1 1 1 }
                      1.8639845800e+00 mass
                      9.3023777800e+04 stress
                      2.3449123300e-03 displacement



---------------------
Begin Evaluation   51
---------------------
Parameters for evaluation 51:
                      1.1944353841e+00 w
                      1.0610327263e+00 t
                      4.3862876436e+00 L
                      5.5595212066e+02 p
                      3.1314680907e+07 E
                      4.8575611514e+01 X
                      1.0127833950e+02 Y

blocking fork: driver.sh /tmp/dakota_params_d9eb10db /tmp/dakota_results_439e775b

Active response data for evaluation 51:
Active set vector = { 1 1 1 }
                      1.7884722300e+00 mass
                      6.4444301900e+04 stress
                      8.1816298800e-04 displacement



---------------------
Begin Evaluation   52
---------------------
Parameters for evaluation 52:
                      1.1317683691e+00 w
                      8.2370818748e-01 t
                      4.6529069885e+00 L
                      4.5385441287e+02 p
                      3.1144323700e+07 E
                      5.0265812059e+01 X
                      9.1130962819e+01 Y

blocking fork: driver.sh /tmp/dakota_params_056d1ebe /tmp/dakota_results_63620a7d

Active response data for evaluation 52:
Active set vector = { 1 1 1 }
                      1.1392738500e+00 mass
                      9.9790213900e+04 stress
                      1.9419151300e-03 displacement



---------------------
Begin Evaluation   53
---------------------
Parameters for evaluation 53:
                      8.3287902021e-01 w
                      8.1644364705e-01 t
                      5.1850999674e+00 L
                      5.9545080129e+02 p
                      2.5811350920e+07 E
                      4.8029811896e+01 X
                      9.9707686784e+01 Y

blocking fork: driver.sh /tmp/dakota_params_999af7ff /tmp/dakota_results_3b3dd58a

Active response data for evaluation 53:
Active set vector = { 1 1 1 }
                      1.2149752100e+00 mass
                      1.5863993800e+05 stress
                      5.2365424300e-03 displacement



---------------------
Begin Evaluation   54
---------------------
Parameters for evaluation 54:
                      1.0058668590e+00 w
                      9.9202725477e-01 t
                      4.7563279923e+00 L
                      4.6681347960e+02 p
                      3.3993741352e+07 E
                      5.3958620450e+01 X
                      1.0728419581e+02 Y

blocking fork: driver.sh /tmp/dakota_params_d8ee5450 /tmp/dakota_results_7cda5b1d

Active response data for evaluation 54:
Active set vector = { 1 1 1 }
                      1.2821402900e+00 mass
                      9.7283610000e+04 stress
                      1.5399014500e-03 displacement



---------------------
Begin Evaluation   55
---------------------
Parameters for evaluation 55:
                      9.4570008330e-01 w
                      8.5029504780e-01 t
                      4.7724725837e+00 L
                      4.9085518774e+02 p
                      2.5641698430e+07 E
                      5.3344246125e+01 X
                      8.3285944888e+01 Y

blocking fork: driver.sh /tmp/dakota_params_63f930de /tmp/dakota_results_acf9661c

Active response data for evaluation 55:
Active set vector = { 1 1 1 }
                      1.0901246700e+00 mass
                      1.1517372600e+05 stress
                      2.7354551700e-03 displacement



---------------------
Begin Evaluation   56
---------------------
Parameters for evaluation 56:
                      1.0783452487e+00 w
                      1.1056340843e+00 t
                      5.8503009925e+00 L
                      5.8433599048e+02 p
                      2.8378679194e+07 E
                      4.0857964483e+01 X
                      1.1974000394e+02 Y

blocking fork: driver.sh /tmp/dakota_params_b30b51e7 /tmp/dakota_results_963e06cb

Active response data for evaluation 56:
Active set vector = { 1 1 1 }
                      2.3586655100e+00 mass
                      7.3569489000e+04 stress
                      2.4633935600e-03 displacement



---------------------
Begin Evaluation   57
---------------------
Parameters for evaluation 57:
                      9.3874181558e-01 w
                      8.9477329269e-01 t
                      4.8920776451e+00 L
                      5.7711017894e+02 p
                      3.4370310036e+07 E
                      5.1413447573e+01 X
                      8.9337346607e+01 Y

blocking fork: driver.sh /tmp/dakota_params_2f530ec4 /tmp/dakota_results_6fb9dad1

Active response data for evaluation 57:
Active set vector = { 1 1 1 }
                      1.3723583000e+00 mass
                      1.1044227100e+05 stress
                      2.0425944100e-03 displacement



---------------------
Begin Evaluation   58
---------------------
Parameters for evaluation 58:
                      1.0906017479e+00 w
                      1.1107153601e+00 t
                      4.2006116603e+00 L
                      4.7620232796e+02 p
                      2.4944950935e+07 E
                      5.1862864849e+01 X
                      8.8822638938e+01 Y

blocking fork: driver.sh /tmp/dakota_params_6e5a714a /tmp/dakota_results_3c9e50a5

Active response data for evaluation 58:
Active set vector = { 1 1 1 }
                      1.4022623600e+00 mass
                      6.3164278000e+04 stress
                      8.2587486600e-04 displacement



---------------------
Begin Evaluation   59
---------------------
Parameters for evaluation 59:
                      1.0714476933e+00 w
                      9.1986723146e-01 t
                      5.0734597685e+00 L
                      4.5715776496e+02 p
                      2.9694180881e+07 E
                      4.9515684374e+01 X
                      9.8356981781e+01 Y

blocking fork: driver.sh /tmp/dakota_params_0ddaeb42 /tmp/dakota_results_a44ae99e

Active response data for evaluation 59:
Active set vector = { 1 1 1 }
                      1.3228868700e+00 mass
                      9.3226838400e+04 stress
                      2.2129490400e-03 displacement



---------------------
Begin Evaluation   60
---------------------
Parameters for evaluation 60:
                      1.0663911001e+00 w
                      1.0439878035e+00 t
                      5.9843450848e+00 L
                      5.7011439805e+02 p
                      2.5440299172e+07 E
                      5.7823722288e+01 X
                      1.0534468814e+02 Y

blocking fork: driver.sh /tmp/dakota_params_4669857e /tmp/dakota_results_ff850b6f

Active response data for evaluation 60:
Active set vector = { 1 1 1 }
                      2.1980969200e+00 mass
                      8.3605442100e+04 stress
                      3.3056133900e-03 displacement



---------------------
Begin Evaluation   61
---------------------
Parameters for evaluation 61:
                      1.1462759868e+00 w
                      9.3115815440e-01 t
                      5.4887496426e+00 L
                      5.6097469787e+02 p
                      3.0660794570e+07 E
                      4.6407948031e+01 X
                      8.1577456512e+01 Y

blocking fork: driver.sh /tmp/dakota_params_f91932f3 /tmp/dakota_results_e6755064

Active response data for evaluation 61:
Active set vector = { 1 1 1 }
                      1.9018909100e+00 mass
                      7.2006030300e+04 stress
                      2.0311201000e-03 displacement



---------------------
Begin Evaluation   62
---------------------
Parameters for evaluation 62:
                      1.1006272591e+00 w
                      1.1265065909e+00 t
                      5.7676869356e+00 L
                      4.6961227118e+02 p
                      2.9459957864e+07 E
                      5.9582305809e+01 X
                      8.2310206186e+01 Y

blocking fork: driver.sh /tmp/dakota_params_e39fe22e /tmp/dakota_results_048abf4e

Active response data for evaluation 62:
Active set vector = { 1 1 1 }
                      1.9434410800e+00 mass
                      6.1555938900e+04 stress
                      1.7103755300e-03 displacement



---------------------
Begin Evaluation   63
---------------------
Parameters for evaluation 63:
                      9.3604975290e-01 w
                      8.3030167785e-01 t
                      4.0336179552e+00 L
                      5.0837321256e+02 p
                      2.6691584118e+07 E
                      5.7220277810e+01 X
                      1.1805900396e+02 Y

blocking fork: driver.sh /tmp/dakota_params_4a7bbd6c /tmp/dakota_results_4a5289d1

Active response data for evaluation 63:
Active set vector = { 1 1 1 }
                      9.2229218900e-01 mass
                      1.5696087000e+05 stress
                      2.3192435700e-03 displacement



---------------------
Begin Evaluation   64
---------------------
Parameters for evaluation 64:
                      9.8627319317e-01 w
                      1.0472647633e+00 t
                      5.7371734915e+00 L
                      4.5110942874e+02 p
                      3.2150337835e+07 E
                      4.8515423106e+01 X
                      1.0338883168e+02 Y

blocking fork: driver.sh /tmp/dakota_params_2120be50 /tmp/dakota_results_7911ed85

Active response data for evaluation 64:
Active set vector = { 1 1 1 }
                      1.5469984200e+00 mass
                      8.5922120900e+04 stress
                      2.4258750800e-03 displacement



---------------------
Begin Evaluation   65
---------------------
Parameters for evaluation 65:
                      1.1771955830e+00 w
                      8.4318728063e-01 t
                      4.2884907090e+00 L
                      5.9952460519e+02 p
                      2.7659313923e+07 E
                      4.2239201444e+01 X
                      9.4915917918e+01 Y

blocking fork: driver.sh /tmp/dakota_params_733ac4c2 /tmp/dakota_results_ab278803

Active response data for evaluation 65:
Active set vector = { 1 1 1 }
                      1.4768637100e+00 mass
                      8.9733893400e+04 stress
                      1.5735631900e-03 displacement



---------------------
Begin Evaluation   66
---------------------
Parameters for evaluation 66:
                      1.1398810460e+00 w
                      8.9829035964e-01 t
                      4.9370622907e+00 L
                      4.8219444680e+02 p
                      2.4769741875e+07 E
                      5.8025086302e+01 X
                      1.1396776110e+02 Y

blocking fork: driver.sh /tmp/dakota_params_efebea3a /tmp/dakota_results_e37e5322

Active response data for evaluation 66:
Active set vector = { 1 1 1 }
                      1.4106632200e+00 mass
                      1.0417151800e+05 stress
                      2.8113067300e-03 displacement



---------------------
Begin Evaluation   67
---------------------
Parameters for evaluation 67:
                      1.0407475273e+00 w
                      8.5201253832e-01 t
                      4.8139551054e+00 L
                      5.8745247859e+02 p
                      2.8077489752e+07 E
                      4.4163366444e+01 X
                      1.1176859166e+02 Y

blocking fork: driver.sh /tmp/dakota_params_8e3f1473 /tmp/dakota_results_fee0938c

Active response data for evaluation 67:
Active set vector = { 1 1 1 }
                      1.4511837700e+00 mass
                      1.1747622100e+05 stress
                      2.8547098800e-03 displacement



---------------------
Begin Evaluation   68
---------------------
Parameters for evaluation 68:
                      8.4795668167e-01 w
                      1.1194324287e+00 t
                      4.0019857198e+00 L
                      5.6712849789e+02 p
                      3.2009187209e+07 E
                      5.0953855613e+01 X
                      8.3854597823e+01 Y

blocking fork: driver.sh /tmp/dakota_params_f4eacd15 /tmp/dakota_results_58d735ce

Active response data for evaluation 68:
Active set vector = { 1 1 1 }
                      1.2467656200e+00 mass
                      8.5331229100e+04 stress
                      8.2241776500e-04 displacement



---------------------
Begin Evaluation   69
---------------------
Parameters for evaluation 69:
                      1.1678305517e+00 w
                      1.1591531001e+00 t
                      5.4467466305e+00 L
                      4.9838381583e+02 p
                      2.4567178072e+07 E
                      5.2609270856e+01 X
                      1.1307253671e+02 Y

blocking fork: driver.sh /tmp/dakota_params_de69d0a8 /tmp/dakota_results_ad207094

Active response data for evaluation 69:
Active set vector = { 1 1 1 }
                      2.1265617600e+00 mass
                      6.3203155100e+04 stress
                      1.7992197500e-03 displacement



---------------------
Begin Evaluation   70
---------------------
Parameters for evaluation 70:
                      1.1231002798e+00 w
                      9.5312686512e-01 t
                      4.7391017022e+00 L
                      4.3745273009e+02 p
                      2.9262807091e+07 E
                      4.6665045127e+01 X
                      1.1094578647e+02 Y

blocking fork: driver.sh /tmp/dakota_params_4fcf41e7 /tmp/dakota_results_04c812f0

Active response data for evaluation 70:
Active set vector = { 1 1 1 }
                      1.2842591500e+00 mass
                      8.8533461000e+04 stress
                      1.7343525600e-03 displacement


<<<<< Function evaluation summary: 70 total (70 new, 0 duplicate)

Statistics based on 70 samples:

Moment-based statistics for each response function:
                            Mean           Std Dev          Skewness          Kurtosis
          mass  1.4473276689e+00  3.4905786971e-01  8.0838833205e-01  5.3773698535e-01
        stress  9.4928688063e+04  2.5186262395e+04  7.1405602204e-01  3.7426326905e-01
  displacement  2.2208339575e-03  1.0448285886e-03  8.9550301989e-01  6.0858715821e-01

95% confidence intervals for each response function:
                    LowerCI_Mean      UpperCI_Mean    LowerCI_StdDev    UpperCI_StdDev
          mass  1.3640977577e+00  1.5305575800e+00  2.9928838884e-01  4.1883668409e-01
        stress  8.8923235777e+04  1.0093414035e+05  2.1595146671e+04  3.0221151108e+04
  displacement  1.9717033744e-03  2.4699645405e-03  8.9585450448e-04  1.2536962477e-03

Simple Correlation Matrix among all inputs and outputs:
                        w            t            L            p            E            X            Y         mass       stress displacement 
           w  1.00000e+00 
           t -3.96222e-02  1.00000e+00 
           L  4.50017e-02  2.77077e-02  1.00000e+00 
           p -4.85856e-02  1.41401e-02  4.32136e-03  1.00000e+00 
           E  7.11649e-03 -6.10742e-02  7.23630e-02 -5.04402e-03  1.00000e+00 
           X -3.44363e-02  4.85728e-02  9.37685e-04  6.22358e-02 -3.09914e-02  1.00000e+00 
           Y  4.39106e-02 -3.56128e-02 -2.10499e-02  1.47508e-02  3.90734e-02  3.30836e-02  1.00000e+00 
        mass  4.50223e-01  5.00798e-01  5.44242e-01  4.80195e-01 -4.90011e-03  3.48595e-02  1.73865e-02  1.00000e+00 
      stress -5.68377e-01 -7.20764e-01 -8.70449e-02  5.05541e-02  2.15894e-02  1.14855e-01  2.70140e-01 -6.31571e-01  1.00000e+00 
displacement -3.11179e-01 -5.53899e-01  5.97531e-01  5.71249e-02 -1.92765e-01  1.41019e-02  1.28970e-01 -1.03361e-01  6.44220e-01  1.00000e+00 

Partial Correlation Matrix between input and output:
                     mass       stress displacement 
           w  9.48127e-01 -9.56115e-01 -7.75967e-01 
           t  9.53430e-01 -9.70354e-01 -8.95537e-01 
           L  9.55146e-01 -1.71994e-01  9.10005e-01 
           p  9.52744e-01  1.10052e-01  1.35002e-01 
           E -8.20738e-02 -1.27062e-01 -6.83440e-01 
           X -3.41597e-02  5.42694e-01  4.67713e-02 
           Y  1.17303e-01  8.21892e-01  4.43766e-01 

Simple Rank Correlation Matrix among all inputs and outputs:
                        w            t            L            p            E            X            Y         mass       stress displacement 
           w  1.00000e+00 
           t -4.03639e-02  1.00000e+00 
           L  4.09938e-02  2.77316e-02  1.00000e+00 
           p -5.09667e-02  1.28248e-02  8.45070e-03  1.00000e+00 
           E  9.71044e-03 -5.62505e-02  6.80080e-02 -6.66608e-03  1.00000e+00 
           X -3.63398e-02  5.27863e-02 -4.72400e-04  6.45788e-02 -3.36104e-02  1.00000e+00 
           Y  4.36182e-02 -3.58499e-02 -2.53521e-02  1.43994e-02  4.12387e-02  3.31904e-02  1.00000e+00 
        mass  4.77806e-01  4.55026e-01  5.21442e-01  4.55271e-01  7.66512e-02  4.91471e-02  3.43802e-02  1.00000e+00 
      stress -5.37923e-01 -7.18730e-01 -5.59706e-02  4.84122e-02  4.66626e-02  1.69836e-01  3.06412e-01 -5.95311e-01  1.00000e+00 
displacement -2.83422e-01 -5.64378e-01  6.34573e-01  2.04706e-03 -1.46881e-01  4.80973e-02  1.53110e-01 -8.84437e-02  6.41676e-01  1.00000e+00 

Partial Rank Correlation Matrix between input and output:
                     mass       stress displacement 
           w  8.67942e-01 -9.48118e-01 -8.02208e-01 
           t  8.49501e-01 -9.67859e-01 -9.22766e-01 
           L  8.59670e-01 -2.44494e-02  9.38068e-01 
           p  8.54737e-01  6.74305e-02 -8.24365e-02 
           E  2.29223e-01  2.41507e-02 -6.71399e-01 
           X  4.93295e-02  6.77968e-01  2.15840e-01 
           Y  1.08940e-01  8.40859e-01  5.61068e-01 


<<<<< Iterator random_sampling completed.
<<<<< Environment execution completed.
DAKOTA execution time in seconds:
  Total CPU        =       0.08 [parent =   0.086987, child =  -0.006987]
  Total wall clock =    7.56894
