# Web server load statistics 
# Plot parameters follow:
#
# set title "Web server activity"
# set xlab  "time (min)"
# set ylab  "load avg"
# set ymin  0.0
# set ymax  5.0
# set dx    0.083333
# set nfilt 128
#
# Machines: dejanews dejanews3 dejanews4 dejanews5

0 0.85 0.83 1.56 1.27
1 0.86 0.77 1.39 2.77
2 0.73 0.64 1.28 2.81
3 0.75 0.68 1.26 2.82
4 0.69 0.62 1.16 2.91
5 0.88 0.81 1.14 2.84
6 1.12 0.91 1.05 3.34
7 1.20 0.83 1.29 3.47
8 1.01 0.77 1.47 3.08
9 1.01 0.70 1.51 2.84
10 0.93 0.67 1.63 3.01
11 0.85 0.61 1.74 2.77
12 0.79 0.57 1.68 2.86
13 0.72 0.52 1.79 2.63
14 0.66 0.64 1.80 2.50
15 0.93 0.91 1.66 2.30
16 0.93 0.83 1.77 2.44
17 1.10 0.85 1.62 2.24
18 1.84 0.94 1.67 1.98
19 1.77 0.79 1.53 2.06
20 1.63 0.81 1.65 2.29
21 1.74 0.74 1.68 2.59
22 1.68 0.68 1.54 3.18
23 1.62 0.63 1.42 3.01
24 1.57 0.66 1.39 3.33
25 1.61 0.61 1.27 4.34
26 1.48 0.55 1.25 4.07
27 1.41 0.51 1.06 3.82
28 1.38 0.47 1.21 3.91
29 1.27 0.70 1.12 3.60
30 1.25 0.64 1.03 3.55
31 1.39 0.59 0.95 3.51
32 1.36 1.02 0.95 3.23
33 1.41 1.02 0.87 2.97
34 1.77 0.94 0.80 2.73
35 1.71 0.94 0.82 2.67
36 1.60 1.10 0.69 2.41
37 1.55 1.09 0.63 2.45
38 1.67 1.24 0.82 2.26
39 1.61 1.30 0.84 2.16
40 1.48 1.36 0.93 2.54
41 1.93 1.33 0.86 2.34
42 1.85 1.30 0.79 2.15
43 1.78 1.20 0.80 2.06
44 1.64 1.10 0.90 1.89
45 2.15 1.01 1.63 1.74
46 2.05 0.93 1.58 1.84
47 1.74 0.86 1.41 1.56
48 1.60 1.03 1.62 1.59
49 1.55 1.03 1.57 1.79
50 1.51 0.95 1.84 1.72
51 1.39 1.11 1.86 1.59
52 1.36 1.02 1.79 1.78
53 1.25 1.26 1.64 1.63
54 1.14 1.24 1.51 1.50
55 1.05 1.14 1.47 2.26
56 0.89 1.20 1.40 1.99
57 0.82 1.35 1.29 1.91
58 0.91 1.40 1.18 2.07
59 0.84 1.45 1.09 1.91
60 0.93 1.57 1.16 2.00
61 1.10 1.45 1.14 1.84
62 1.01 1.33 1.54 1.69
63 1.01 1.30 1.49 1.55
64 0.93 1.25 1.37 1.71
65 1.18 1.15 1.31 1.74
66 1.33 1.05 1.21 1.60
67 1.38 0.97 1.11 1.47
68 1.43 0.97 1.02 1.35
69 1.48 1.13 0.94 1.32
70 1.36 1.04 0.86 1.21
71 1.41 0.96 1.36 1.12
72 1.38 0.96 1.25 1.11
73 1.27 0.81 1.14 1.10
74 1.48 0.75 1.20 0.93
75 1.55 0.77 1.19 0.93
76 1.50 0.95 1.17 0.94
77 1.86 1.19 1.08 0.86
78 1.71 1.25 1.15 0.88
79 1.74 1.23 1.14 1.04
80 1.60 1.21 1.77 0.96
81 1.71 1.12 1.71 0.96
82 1.73 1.27 1.57 1.29
83 1.83 1.07 1.44 1.18
84 1.77 0.98 1.33 1.23
85 1.73 0.91 1.58 1.13
86 1.83 0.83 1.46 1.20
87 1.68 1.01 1.34 1.51
88 1.95 1.00 1.23 1.39
89 1.79 0.93 1.13 1.52
90 1.97 1.09 1.28 1.95
91 2.13 1.08 1.50 2.12
92 2.44 1.00 1.38 1.95
93 2.48 1.07 1.27 2.03
94 2.29 0.99 1.48 2.03
95 2.34 0.91 1.53 2.48
96 2.43 1.08 1.53 2.29
97 2.31 0.99 1.57 2.34
98 2.13 0.91 1.44 2.23
99 2.44 0.84 1.33 2.05
100 2.24 1.01 1.22 1.89
101 2.38 1.09 1.20 1.74
102 2.19 1.08 1.19 1.60
103 2.25 1.15 1.33 1.71
104 2.39 1.14 1.36 1.52
105 2.82 1.45 1.25 1.40
106 2.59 1.49 1.15 1.45
107 2.46 1.37 1.14 1.41
108 2.35 1.26 1.29 1.38
109 2.48 1.24 1.18 1.43
110 2.36 1.30 1.09 1.52
111 2.17 1.17 1.00 1.96
112 2.00 1.08 1.16 2.04
113 2.01 0.99 1.21 1.88
114 2.01 0.99 1.11 1.97
115 2.09 1.15 1.02 1.89
116 2.00 1.22 1.02 2.30
117 1.92 1.28 0.94 2.68
118 2.25 1.18 0.86 2.54
119 2.46 1.09 0.87 2.66
120 2.27 1.00 0.80 2.45
121 2.33 0.99 0.90 2.15
122 2.14 0.91 0.82 2.05
123 1.97 0.92 0.85 1.89
124 1.97 0.93 1.18 1.82
125 1.97 0.85 1.09 1.67
126 1.89 0.78 1.00 1.62
127 1.74 1.12 1.08 1.57
128 1.76 1.03 1.23 1.52
129 1.62 1.03 1.21 1.48
130 1.49 1.11 1.12 1.40
131 1.53 1.40 1.11 1.29
132 1.49 1.29 1.17 1.26
133 1.65 1.34 1.08 1.16
134 1.59 1.24 0.99 1.07
135 1.46 1.38 0.91 1.38
136 1.51 1.43 0.84 1.27
137 1.39 1.31 0.85 1.49
138 1.44 1.61 0.78 1.69
139 1.32 1.44 1.12 1.66
140 1.21 1.40 1.03 1.68
141 1.69 1.37 0.87 1.71
142 2.04 1.26 0.80 1.65
143 1.87 1.48 0.73 1.76
144 1.96 1.84 0.92 2.66
145 1.80 1.77 0.84 2.45
146 2.06 1.63 0.93 2.33
147 2.05 1.66 0.94 2.22
148 1.97 1.53 0.86 2.36
149 1.97 1.29 0.88 2.25
150 2.46 1.35 0.96 2.23
151 2.34 1.40 1.42 2.61
152 2.16 1.29 1.30 2.48
153 2.30 1.18 1.20 2.29
154 2.36 1.41 1.10 2.10
155 2.25 1.30 1.18 2.01
156 2.07 1.75 1.08 2.09
157 2.54 1.85 1.23 1.92
158 2.50 1.86 1.21 1.85
159 2.30 1.82 1.12 2.60
160 2.02 1.83 0.95 3.36
161 1.86 1.77 0.87 3.09
162 2.11 1.62 0.80 2.92
163 2.02 1.73 0.89 3.57
164 1.94 1.75 0.82 4.24
165 1.79 1.93 0.91 4.54
166 1.64 1.78 1.16 4.42
167 1.59 1.71 1.07 4.14
168 2.26 1.90 1.22 3.81
169 2.30 1.76 1.12 3.22
170 2.43 1.78 0.95 2.96
171 2.39 1.71 0.88 2.73
172 2.45 1.58 0.80 2.99
173 2.25 1.45 0.82 2.83
174 2.23 1.34 0.75 2.60
175 2.21 1.55 0.77 2.47
176 2.11 1.42 0.79 2.36
177 1.94 1.39 0.73 2.57
178 1.95 1.52 0.83 2.17
179 2.11 1.43 0.76 2.00
180 2.18 1.39 0.70 2.00
181 2.00 1.36 0.74 2.24
182 1.84 1.25 0.68 2.30
183 1.70 1.15 0.86 2.59
184 1.56 1.14 0.88 2.62
185 1.43 1.13 0.80 2.41
186 1.56 1.20 0.90 2.30
187 1.43 1.26 0.83 2.12
188 1.56 1.16 0.92 2.03
189 1.59 1.46 0.85 1.71
190 1.73 1.34 0.94 1.66
191 1.60 1.24 0.88 1.93
192 1.55 1.14 1.04 2.25
193 1.91 1.05 1.04 2.15
194 1.83 0.96 1.04 2.38
195 1.77 0.88 0.95 2.19
196 1.62 0.81 1.12 2.17
197 1.57 0.99 1.11 2.16
198 1.45 0.91 1.10 2.05
199 1.22 0.91 1.01 1.88
200 1.12 0.92 0.86 2.37
201 1.04 0.85 1.02 2.18
202 0.95 0.86 1.10 2.09
203 0.88 0.95 1.02 1.92
204 0.80 0.88 0.93 1.84
205 1.06 0.80 0.86 1.70
206 1.05 1.14 0.79 1.64
207 0.97 1.05 0.73 1.46
208 0.82 0.89 0.75 1.43
209 1.07 0.81 1.00 1.47
210 1.15 0.99 0.92 1.43
211 1.14 0.91 0.84 1.48
212 1.04 0.84 1.02 1.52
213 1.04 0.77 0.93 1.80
214 0.96 1.03 0.86 2.38
215 1.36 1.02 1.19 2.58
216 1.25 0.94 1.18 2.27
217 1.06 0.87 1.08 2.16
218 0.97 1.12 0.91 1.99
219 0.89 1.03 0.84 1.83
220 0.98 0.95 0.77 1.77
221 0.98 1.19 0.79 2.34
222 1.07 1.25 1.13 3.60
223 1.14 1.23 1.04 3.31
224 1.05 1.14 0.95 3.20
225 1.04 1.04 0.88 3.18
226 1.04 1.57 1.05 3.17
227 1.04 1.45 1.04 3.55
228 1.59 1.41 0.96 3.27
229 1.47 1.38 0.88 3.97
230 1.35 1.27 1.05 4.61
231 1.24 1.40 1.13 5.12
232 1.38 1.85 1.04 4.87
233 1.43 1.70 0.95 4.64
234 1.32 1.57 1.04 4.27
235 1.21 1.44 1.04 3.93
236 1.02 1.69 1.04 3.70
237 1.66 1.71 0.95 4.12
238 1.69 1.57 0.88 3.79
239 1.55 1.53 0.80 3.49
240 1.43 1.41 0.74 3.61
241 1.39 1.29 0.84 3.56
242 2.24 1.67 1.17 3.27
243 2.06 1.70 1.08 3.25
244 2.06 1.56 0.99 3.15
245 1.89 1.72 0.91 2.81
246 1.75 1.58 0.92 2.83
247 1.77 1.54 0.86 2.92
248 1.71 1.41 1.19 2.93
249 1.73 1.30 1.25 2.85
250 1.75 1.19 1.15 2.62
251 1.61 1.66 1.06 3.05
252 1.48 1.52 0.97 3.05
253 1.52 1.56 0.98 3.04
254 1.72 1.44 0.90 2.88
255 1.58 1.80 0.92 3.29
256 1.45 1.84 0.93 3.34
257 1.30 1.78 0.85 3.23
258 1.28 1.79 0.86 3.78
259 1.34 1.73 0.88 3.48
260 1.31 1.59 0.88 3.52
261 1.29 1.46 0.81 3.23
262 1.34 1.34 0.75 3.46
263 1.23 1.24 1.03 3.18
264 1.29 1.29 1.19 3.31
265 1.17 1.26 1.09 3.04
266 1.07 1.16 1.09 2.80
267 1.23 1.07 1.08 2.66
268 1.45 0.98 0.99 2.60
269 1.41 0.90 1.07 2.39
270 1.38 0.99 0.91 2.28
271 1.70 0.98 0.83 2.38
272 1.56 0.98 0.77 2.27
273 2.00 1.07 0.95 2.89
274 1.91 1.22 0.87 3.14
275 2.08 1.12 0.96 2.96
276 2.07 1.19 0.96 2.73
277 1.99 1.10 0.88 2.75
278 2.23 1.01 0.97 3.09
279 2.13 1.17 0.90 2.84
280 2.12 1.07 0.99 3.82
281 2.32 0.91 1.07 3.52
282 2.46 0.84 1.14 3.23
283 2.26 0.77 1.05 3.21
284 2.16 0.71 0.97 3.28
285 1.98 0.89 0.89 3.41
286 2.23 0.98 1.22 3.54
287 2.05 0.90 1.12 3.26
288 2.12 0.83 1.35 3.08
289 1.95 0.84 1.32 2.83
290 1.80 0.93 1.12 3.00
291 1.59 1.10 1.43 3.77
292 1.62 1.01 1.55 3.54
293 1.73 0.93 2.07 3.42
294 1.59 0.86 1.90 3.23
295 1.55 1.03 1.75 3.29
296 1.90 0.95 1.61 3.10
297 1.75 0.87 1.48 2.93
298 1.61 0.96 1.36 2.86
299 1.48 0.96 1.41 3.19
300 1.60 1.05 1.34 3.02
301 1.57 0.96 1.32 2.79
302 1.53 0.89 1.21 2.88
303 1.65 0.98 1.19 2.89
304 1.75 0.90 1.26 2.82
305 2.02 0.82 1.55 2.75
306 2.01 0.76 1.51 2.53
307 1.85 0.86 1.71 2.33
308 2.10 0.95 1.57 2.22
309 2.18 0.87 1.53 2.04
310 2.08 0.88 1.64 2.20
311 1.99 0.75 1.47 1.93
312 1.83 0.77 1.51 1.94
313 1.68 0.86 1.39 1.79
314 1.55 0.88 1.28 1.64
315 1.42 0.80 1.18 1.67
316 1.31 0.82 1.16 1.54
317 1.68 1.15 1.07 1.41
318 1.95 1.38 1.54 1.30
319 1.87 1.35 1.39 1.20
320 1.72 1.32 1.36 1.50
321 1.82 1.28 1.25 1.64
322 1.94 1.18 1.55 1.59
323 1.79 1.16 1.74 1.54
324 1.72 1.15 1.76 1.57
325 1.66 1.05 1.78 1.77
326 1.61 0.97 1.64 1.71
327 1.48 1.21 1.51 1.65
328 1.76 1.60 1.55 1.60
329 1.62 1.47 1.50 2.03
330 1.73 1.35 1.34 2.18
331 1.75 1.32 1.23 2.16
332 1.93 1.12 1.14 2.39
333 1.78 1.03 1.12 2.36
334 1.88 0.95 1.04 2.25
335 1.80 0.87 1.11 2.47
336 1.66 0.80 1.42 2.35
337 1.52 0.73 1.31 2.40
338 1.56 0.68 1.20 2.29
339 1.76 0.94 1.86 2.09
340 1.70 0.95 1.79 2.24
341 1.75 0.80 1.65 2.06
342 1.77 0.73 1.52 2.06
343 1.62 0.76 1.39 2.05
344 1.57 0.86 1.28 1.89
345 1.69 0.87 1.50 1.90
346 1.71 0.80 1.38 1.98
347 1.66 0.73 1.51 2.39
348 1.52 0.67 1.55 2.20
349 1.48 0.62 1.38 2.08
350 1.44 0.57 1.27 2.08
351 1.33 0.77 1.65 2.23
352 1.34 0.64 1.92 2.13
353 1.32 0.59 1.84 2.44
354 1.29 0.62 1.70 2.57
355 1.59 0.66 1.56 2.60
356 1.46 0.60 1.52 2.71
357 1.58 0.63 1.79 2.57
358 1.46 0.58 1.65 2.53
359 1.34 0.54 1.48 3.95
360 1.23 0.49 1.60 4.04
361 1.28 0.50 1.63 3.88
362 1.26 0.62 1.66 4.04
363 1.16 0.64 1.61 4.04
364 1.22 0.84 1.48 3.80
365 1.53 0.77 1.52 3.57
366 1.48 0.70 1.64 3.37
367 1.36 0.65 1.77 3.40
368 1.25 0.60 1.70 3.21
369 1.23 0.55 1.57 2.95
370 1.59 0.62 1.68 2.95
371 1.54 0.81 1.87 3.12
372 1.42 0.83 1.80 3.35
373 1.39 0.76 1.65 3.56
374 1.27 1.02 1.52 3.36
375 1.41 0.94 1.45 3.41
376 1.30 0.94 1.33 3.43
377 1.32 1.11 1.22 3.16
378 1.22 1.09 1.29 2.98
379 1.28 1.09 1.26 2.74
380 1.34 1.00 1.40 2.52
381 1.23 1.00 1.53 3.12
382 1.21 1.16 1.37 3.27
383 1.20 1.14 1.26 3.30
384 1.34 1.05 1.32 3.28
385 1.21 0.89 1.38 3.34
386 1.11 0.82 1.34 3.79
387 1.10 0.83 1.32 3.64
388 1.09 0.77 1.21 3.35
389 1.16 0.70 1.11 3.24
390 1.23 0.73 1.18 3.38
391 1.13 0.67 1.09 3.35
392 1.20 0.70 1.00 2.92
393 1.11 0.64 0.91 2.68
394 1.16 0.77 1.32 2.71
395 1.15 0.71 1.21 3.37
396 1.05 0.73 1.12 3.10
397 0.97 0.68 1.03 3.57
398 0.97 0.62 1.43 3.93
399 1.21 0.73 1.39 3.69
400 1.12 0.91 1.44 3.71
401 1.19 0.84 1.22 3.66
402 1.25 0.77 1.12 3.61
403 1.59 0.65 1.03 3.48
404 1.62 0.84 0.95 3.28
405 1.57 0.85 0.87 3.42
406 1.52 0.79 0.80 3.46
407 1.40 0.72 0.82 3.50
408 1.69 0.90 0.75 3.30
409 2.27 0.91 0.63 3.12
410 2.09 0.84 1.06 3.19
411 1.92 0.93 1.70 2.94
412 1.85 0.86 1.64 3.34
413 1.93 1.04 1.59 3.23
414 1.94 1.12 1.54 3.05
415 2.02 1.19 1.58 3.13
416 1.86 1.33 1.77 2.96
417 1.87 1.39 1.63 3.29
418 1.72 1.27 2.14 3.42
419 1.66 1.57 1.97 3.14
420 1.53 1.53 1.66 2.89
421 1.48 1.72 1.69 2.66
422 1.37 1.59 1.64 2.25
423 1.34 1.46 1.50 2.39
424 1.13 1.39 1.38 2.20
425 1.04 1.76 1.43 2.58
426 0.96 1.78 1.56 2.38
427 1.04 1.72 1.59 2.43
428 1.04 1.58 2.11 2.31
429 1.11 1.45 1.94 2.29
430 1.02 1.45 1.79 2.18
431 1.02 1.23 1.73 2.33
432 0.94 1.13 1.67 2.14
433 0.95 1.68 1.70 1.97
434 0.88 1.62 1.80 1.81
435 0.97 1.57 1.66 1.66
436 1.21 1.69 1.60 1.53
437 1.27 1.88 1.55 1.49
438 1.17 2.04 1.51 1.45
439 1.16 2.28 1.47 1.41
440 1.06 2.01 1.59 1.38
441 0.98 1.85 1.50 1.16
442 1.47 1.78 1.62 1.15
443 1.35 1.71 1.65 1.46
444 1.32 1.58 1.60 1.50
445 1.30 1.45 1.47 1.54
446 1.51 1.66 1.83 1.42
447 1.39 1.52 1.84 1.30
448 1.28 1.40 1.86 1.20
449 1.34 1.37 2.03 1.18
450 1.23 1.23 1.86 1.33
451 1.21 1.53 1.89 1.22
452 1.10 1.73 1.90 1.59
453 1.09 1.75 2.15 1.46
454 1.08 1.69 2.30 1.59
455 1.23 1.55 2.11 1.54
456 1.21 1.51 2.02 1.58
457 1.12 1.87 1.94 1.53
458 1.03 1.81 2.02 1.41
459 1.02 1.66 1.86 1.61
460 1.09 1.53 2.03 1.53
461 1.09 1.49 1.87 1.64
462 1.08 1.69 2.12 1.83
463 0.99 1.55 1.95 1.68
464 1.15 1.75 1.87 1.55
465 1.22 1.61 1.96 1.43
466 1.20 1.48 1.88 1.39
467 1.11 1.25 1.81 1.52
468 1.08 1.23 1.70 1.56
469 1.07 1.13 1.56 1.40
470 1.31 1.12 1.43 1.52
471 1.20 1.11 1.48 2.04
472 1.11 1.02 1.36 2.92
473 1.18 1.18 1.41 2.69
474 1.08 1.09 1.62 2.47
475 1.00 1.08 1.57 2.27
476 0.92 0.99 1.44 2.33
477 1.16 1.56 1.73 2.14
478 1.23 1.99 1.94 1.97
479 1.12 2.15 1.86 1.89
480 1.11 1.98 1.79 2.06
481 1.18 2.14 1.73 1.89
482 1.25 1.97 1.99 1.82
483 1.23 1.89 2.07 1.91
484 1.13 2.14 2.46 1.84
485 1.04 2.05 2.67 1.70
486 0.95 2.10 2.26 1.80
487 0.95 1.93 2.16 1.73
488 0.96 1.86 2.14 1.86
489 0.96 1.79 1.97 1.95
490 0.88 1.80 1.97 2.27
491 0.81 1.82 2.46 2.41
492 0.91 1.68 2.42 2.22
493 0.91 1.86 2.23 2.20
494 1.16 1.71 2.12 2.18
495 0.98 1.57 1.96 2.17
496 1.06 1.64 1.80 2.00
497 1.06 1.59 1.52 1.91
498 1.53 1.62 1.56 2.16
499 1.41 1.49 1.59 2.15
500 1.30 1.77 1.71 2.21
501 1.19 1.71 1.73 2.04
502 1.10 1.65 2.15 2.11
503 1.01 1.52 2.38 1.95
504 1.49 1.48 2.51 1.87
505 1.41 1.70 2.31 2.12
506 1.38 1.80 2.03 2.59
507 1.51 1.82 2.03 2.19
508 1.95 1.91 2.19 2.18
509 2.11 1.92 2.01 2.16
510 2.02 1.84 2.25 2.15
511 1.86 2.10 2.39 2.14
512 1.87 1.93 2.76 2.12
513 1.80 1.86 2.78 2.27
514 1.66 1.79 3.11 2.49
515 1.55 1.58 2.86 2.45
516 1.58 1.62 2.50 3.24
517 1.46 1.57 3.26 3.46
518 1.58 1.68 3.24 3.42
519 1.45 1.55 2.98 3.15
520 1.41 1.50 2.98 2.89
521 1.30 1.38 2.82 2.98
522 1.20 1.51 2.59 2.98
523 1.26 1.55 2.39 2.75
524 1.39 1.50 2.75 2.61
525 1.28 1.58 2.61 2.48
526 1.41 1.61 2.60 2.28
527 1.30 1.48 2.39 2.17
528 1.20 1.68 2.20 1.99
529 1.42 1.55 2.26 1.99
530 1.30 1.66 2.40 2.15
531 1.44 1.77 2.29 2.06
532 1.32 1.71 2.34 1.97
533 1.46 1.73 2.48 1.82
534 1.23 1.76 2.48 1.99
535 1.61 1.86 2.28 1.84
536 1.57 1.71 2.10 2.10
537 1.52 1.57 2.09 2.41
538 1.48 1.69 2.32 2.38
539 1.52 1.55 2.21 2.18
540 2.20 1.43 2.20 2.57
541 2.18 1.31 2.02 2.45
542 2.01 1.21 2.10 2.33
543 2.42 1.11 1.93 2.46
544 2.38 1.02 1.78 2.27
545 2.59 0.94 1.50 2.00
546 2.55 1.10 1.86 1.84
547 2.42 1.01 2.11 1.69
548 2.79 0.93 2.10 1.95
549 3.12 0.86 1.93 2.04
550 2.88 1.27 1.94 2.03
551 2.88 1.32 1.79 2.03
552 2.81 1.22 1.64 2.35
553 2.59 1.52 1.51 2.16
554 2.67 1.40 1.39 2.14
555 2.45 1.57 1.28 2.05
556 2.34 1.45 1.40 2.06
557 2.23 1.49 1.37 2.13
558 2.69 1.37 1.90 1.96
559 2.55 1.34 1.75 2.12
560 2.59 1.31 1.77 1.95
561 2.54 1.37 1.86 1.80
562 2.15 1.26 2.11 1.89
563 2.22 1.38 1.87 2.06
564 2.68 1.27 1.72 2.05
565 2.46 1.25 1.82 1.96
566 2.27 1.47 1.84 1.89
567 2.73 1.91 1.77 1.98
568 2.75 1.92 1.62 1.82
569 2.53 1.77 1.57 1.67
570 2.48 1.62 1.69 1.54
571 2.25 1.49 1.55 1.66
572 2.55 1.42 1.43 1.76
573 2.50 1.31 1.53 2.03
574 2.46 1.20 1.64 2.18
575 2.67 1.19 1.59 2.25
576 2.86 1.41 1.55 2.07
577 2.62 1.46 1.42 2.22
578 2.73 1.42 1.55 2.61
579 2.68 1.31 1.42 2.55
580 2.57 1.55 1.31 2.35
581 2.61 1.51 1.62 2.50
582 2.39 1.39 1.49 2.54
583 2.77 1.36 1.37 2.82
584 2.70 2.05 1.34 2.84
585 2.48 1.96 1.39 2.77
586 2.93 1.96 1.28 3.34
587 2.77 1.89 1.26 3.72
588 2.55 1.74 1.16 3.54
589 2.46 1.54 1.07 3.41
590 2.26 1.58 1.05 3.38
591 2.08 1.45 0.96 3.27
592 2.39 1.34 0.96 3.09
593 2.36 1.23 0.89 3.08
594 2.41 1.29 0.90 3.00
595 2.46 1.19 1.23 2.69
596 2.98 1.17 1.12 2.55
597 2.68 1.08 1.04 2.91
598 2.47 1.07 1.19 2.75
599 2.67 0.98 1.09 3.02
600 2.94 0.91 1.00 2.93
601 3.18 0.91 0.92 2.94
602 3.09 0.92 0.85 2.78
603 3.32 0.84 0.78 2.72
604 3.05 0.94 0.96 2.58
605 2.89 1.10 1.04 2.50
606 2.74 1.01 0.96 2.30
607 2.79 0.93 0.88 2.11
608 2.96 1.34 0.98 2.02
609 2.73 1.63 0.98 1.86
610 2.51 1.58 0.91 1.71
611 2.71 1.45 0.83 1.65
612 2.65 1.34 1.09 1.70
613 2.52 1.47 1.00 1.64
614 2.29 1.40 1.00 1.99
615 2.59 1.45 0.84 2.23
616 2.38 1.41 1.02 2.21
617 2.27 1.30 0.93 2.28
618 2.09 1.20 1.18 2.17
619 2.16 1.26 1.09 2.64
620 1.99 1.48 1.08 2.51
621 1.99 1.44 0.99 2.47
622 2.15 1.32 0.99 2.17
623 1.98 1.30 1.07 1.99
624 1.83 1.25 1.06 1.83
625 1.68 1.14 1.05 2.01
626 1.63 1.05 1.21 1.93
627 1.58 1.29 1.43 1.85
628 1.61 1.43 1.48 1.78
629 1.56 1.39 1.52 1.64
630 1.68 1.60 1.40 1.46
631 1.58 1.51 1.68 1.35
632 1.69 1.55 1.75 1.24
633 1.80 1.75 1.61 1.14
634 1.65 1.61 1.48 1.05
635 1.60 1.64 1.36 1.04
636 1.47 1.67 1.33 0.96
637 2.07 2.02 1.22 0.88
638 1.99 1.93 1.29 0.89
639 1.83 1.78 1.18 0.82
640 1.92 1.58 1.16 0.76
641 1.85 1.70 1.07 0.93
642 2.42 2.12 1.30 0.86
643 2.30 2.99 1.20 0.87
644 2.28 2.75 1.34 0.80
645 2.10 2.53 1.39 0.89
646 1.93 2.33 1.84 0.98
647 1.77 2.38 1.69 1.06
648 1.74 2.27 1.72 0.97
649 1.60 2.14 1.58 1.21
650 1.47 1.97 1.42 1.12
651 1.59 2.37 1.30 1.27
652 1.71 2.18 1.20 1.17
653 1.65 2.09 1.18 1.15
654 1.52 2.08 1.17 1.06
655 1.39 1.91 1.07 1.05
656 1.44 1.84 0.99 0.97
657 1.65 2.25 0.99 0.90
658 1.47 2.15 0.99 0.83
659 1.35 2.14 0.99 0.76
660 1.48 2.03 0.91 0.94
661 1.84 1.87 0.84 0.86
662 1.93 1.72 0.77 0.95
663 1.78 1.58 0.71 0.96
664 1.64 1.45 0.71 1.12
665 2.07 1.41 0.65 1.27
666 1.90 1.30 0.60 1.25
667 1.83 1.20 0.55 1.59
668 1.68 1.18 0.54 1.86
669 1.50 1.09 0.82 1.88
670 1.54 0.92 0.75 1.80
671 1.41 0.84 0.69 1.66
672 1.38 1.10 0.64 1.53
673 1.91 1.01 0.59 1.40
674 2.32 1.17 0.62 1.37
675 2.37 1.63 0.57 1.34
676 2.58 2.14 0.57 1.68
677 2.38 1.97 0.55 1.62
678 2.39 1.97 0.51 1.66
679 2.28 1.82 0.47 1.60
680 2.42 1.76 0.59 1.47
681 2.30 1.78 0.54 1.36
682 2.52 1.79 0.50 1.49
683 2.48 1.65 0.46 1.69
684 2.44 1.68 0.42 1.71
685 2.64 1.54 0.39 1.59
686 2.43 1.42 0.33 1.47
687 2.29 1.30 0.78 1.43
688 2.11 1.32 0.88 1.32
689 1.94 1.22 0.81 1.53
690 1.86 1.12 0.74 1.49
691 2.36 1.11 1.08 1.77
692 2.16 1.10 1.32 1.62
693 2.31 1.33 1.53 1.98
694 2.53 1.39 1.73 1.90
695 2.40 1.27 1.67 1.75
696 2.37 1.17 1.61 1.96
697 2.16 1.23 1.85 2.20
698 2.23 1.37 1.70 2.02
699 2.05 1.26 1.56 1.86
700 2.04 1.32 1.44 1.71
701 2.20 1.21 1.88 1.73
702 3.06 1.11 2.29 1.68
703 3.78 1.18 2.11 1.62
704 3.64 1.09 1.94 1.49
705 3.91 1.00 2.50 2.61
706 3.59 1.25 2.43 2.96
707 3.12 1.14 2.55 2.88
708 3.03 1.05 2.35 2.65
709 2.87 1.05 2.16 2.44
710 2.88 0.96 1.99 2.24
711 2.80 0.89 1.83 2.38
712 2.66 0.82 2.08 2.19
713 2.53 0.99 1.92 2.26
714 2.48 0.91 1.84 2.14
715 2.37 1.00 1.70 1.97
716 2.08 1.32 2.41 1.89
717 2.07 1.29 2.38 1.82
718 2.31 1.19 2.35 1.91
719 2.12 1.17 2.32 1.92
720 1.95 1.08 2.13 1.77
