Dakota version 6.2+ (stable) released Aug  7 2015.
Subversion revision 3550 built Aug  7 2015 16:35:56.
Running MPI Dakota executable in serial mode.
Start time: Tue Aug 11 14:43:50 2015

-----------------------
Begin DAKOTA input file
dakota_cantilever_uq.in
-----------------------
environment
  tabular_data output_precision 1e-16

method
  sampling 
  sample_type lhs 
  samples = 100
  seed = 3845
  num_probability_levels = 17 17 17		   
  probability_levels =
   .001 .01 .05 .1 .15 .2 .3 .4 .5 .6 .7 .8 .85 .9 .95 .99 .999
   .001 .01 .05 .1 .15 .2 .3 .4 .5 .6 .7 .8 .85 .9 .95 .99 .999
   .001 .01 .05 .1 .15 .2 .3 .4 .5 .6 .7 .8 .85 .9 .95 .99 .999
  cumulative distribution 


variables
  active uncertain						
  continuous_design = 3					
    upper_bounds = 1.2 1.2 6.0 
    lower_bounds = 0.8 0.8 4.0
    initial_point = 1.0 1.0 5.0
    descriptors    "w"     "t"     "L"
#  uniform_uncertain = 4
#    upper_bounds = 600. 35.E+6 60. 120.
#    lower_bounds = 400. 23.E+6 40. 80.
#    descriptors    'p'   'E'   'X'  'Y'
   normal_uncertain = 4
   means = 500. 29.E+6 50. 100. 
   std_deviations = 30. 2.E+6 3.0 6.0
    descriptors    'p'   'E'   'X'  'Y'


interface
  fork
    analysis_driver = 'driver.sh'

responses
  response_functions = 3
  descriptors = 'mass' 
                'stress'
                'displacement'
  no_gradients no_hessians

---------------------
End DAKOTA input file
---------------------

Using Dakota input file 'dakota_cantilever_uq.in'
Writing new restart file dakota.rst

>>>>> Executing environment.

>>>>> Running random_sampling iterator.

NonD lhs Samples = 100 Seed (user-specified) = 3845
sample ranks Teuchos::SerialDenseMatrix

Values_copied : yes
Rows : 4
Columns : 100
LDA : 4
1 7 100 19 76 79 89 47 72 12 58 66 62 64 92 16 69 33 59 91 96 9 35 48 37 68 46 39 40 36 75 3 90 18 21 13 82 31 83 38 77 95 44 85 15 52 2 98 43 10 74 99 17 6 71 20 42 41 32 61 94 78 81 22 29 88 86 70 65 84 93 73 51 56 97 4 24 60 49 5 80 45 63 28 11 30 8 34 53 25 27 14 26 67 55 50 57 54 23 87 
21 56 8 40 4 100 55 9 18 24 82 10 31 77 28 96 72 2 12 36 65 39 42 51 11 98 34 57 93 73 45 26 32 15 76 91 70 33 16 59 89 69 41 61 1 49 44 81 71 35 84 43 50 23 75 29 38 83 99 22 88 20 95 19 80 37 6 14 3 58 78 87 97 53 47 90 7 54 68 62 64 74 60 25 46 92 86 79 52 48 30 67 85 13 63 94 27 5 66 17 
13 12 24 31 60 4 30 45 96 74 50 93 88 83 82 85 84 10 28 14 17 32 67 47 72 16 29 95 35 36 92 8 22 87 44 61 3 2 86 80 68 15 79 52 69 39 73 56 62 23 33 59 49 89 99 37 76 18 70 42 57 78 43 41 58 71 75 90 26 19 66 5 63 21 81 55 1 40 65 51 34 27 91 97 46 100 7 38 11 53 98 25 54 6 64 94 48 20 77 9 
71 33 74 1 42 65 79 22 73 7 31 91 2 100 90 72 37 23 26 39 53 46 66 5 63 9 57 62 78 80 27 17 98 84 35 16 36 41 12 54 56 83 38 3 87 77 99 58 28 86 40 81 96 15 82 70 20 88 25 50 18 11 64 8 76 52 69 47 32 59 95 43 89 75 19 94 97 67 44 55 14 34 45 68 93 24 60 6 29 49 4 48 21 13 10 85 30 92 51 61 

---------------------
Begin Evaluation    1
---------------------
Parameters for evaluation 1:
                      1.0000000000e+00 w
                      1.0000000000e+00 t
                      5.0000000000e+00 L
                      4.0377475532e+02 p
                      2.7332257194e+07 E
                      4.6576940245e+01 X
                      1.0321418982e+02 Y

blocking fork: driver.sh /tmp/dakota_params_29794ce4 /tmp/dakota_results_4419e488

Active response data for evaluation 1:
Active set vector = { 1 1 1 }
                      1.1683297300e+00 mass
                      8.9874678000e+04 stress
                      2.0714870400e-03 displacement



---------------------
Begin Evaluation    2
---------------------
Parameters for evaluation 2:
                      1.0000000000e+00 w
                      1.0000000000e+00 t
                      5.0000000000e+00 L
                      4.5554202078e+02 p
                      2.9258282780e+07 E
                      4.6334403334e+01 X
                      9.7286358027e+01 Y

blocking fork: driver.sh /tmp/dakota_params_9951af3a /tmp/dakota_results_69c89870

Active response data for evaluation 2:
Active set vector = { 1 1 1 }
                      1.3181192700e+00 mass
                      8.6172456800e+04 stress
                      1.8414738900e-03 displacement



---------------------
Begin Evaluation    3
---------------------
Parameters for evaluation 3:
                      1.0000000000e+00 w
                      1.0000000000e+00 t
                      5.0000000000e+00 L
                      5.7278413895e+02 p
                      2.6153538723e+07 E
                      4.7794160550e+01 X
                      1.0373651800e+02 Y

blocking fork: driver.sh /tmp/dakota_params_f2881e68 /tmp/dakota_results_36d00353

Active response data for evaluation 3:
Active set vector = { 1 1 1 }
                      1.6573615100e+00 mass
                      9.0918407100e+04 stress
                      2.1835879600e-03 displacement



---------------------
Begin Evaluation    4
---------------------
Parameters for evaluation 4:
                      1.0000000000e+00 w
                      1.0000000000e+00 t
                      5.0000000000e+00 L
                      4.7349007730e+02 p
                      2.8489505320e+07 E
                      4.8427248676e+01 X
                      8.1568532643e+01 Y

blocking fork: driver.sh /tmp/dakota_params_852bb448 /tmp/dakota_results_4cc9276a

Active response data for evaluation 4:
Active set vector = { 1 1 1 }
                      1.3700523100e+00 mass
                      7.7997468800e+04 stress
                      1.6648424700e-03 displacement



---------------------
Begin Evaluation    5
---------------------
Parameters for evaluation 5:
                      1.0000000000e+00 w
                      1.0000000000e+00 t
                      5.0000000000e+00 L
                      5.2052147528e+02 p
                      2.5402968705e+07 E
                      5.0705828251e+01 X
                      9.8634860406e+01 Y

blocking fork: driver.sh /tmp/dakota_params_d73677eb /tmp/dakota_results_287b2ab4

Active response data for evaluation 5:
Active set vector = { 1 1 1 }
                      1.5061385300e+00 mass
                      8.9604413200e+04 stress
                      2.1829139500e-03 displacement



---------------------
Begin Evaluation    6
---------------------
Parameters for evaluation 6:
                      1.0000000000e+00 w
                      1.0000000000e+00 t
                      5.0000000000e+00 L
                      5.2398671976e+02 p
                      3.3744081580e+07 E
                      4.4727958540e+01 X
                      1.0224270940e+02 Y

blocking fork: driver.sh /tmp/dakota_params_581680c8 /tmp/dakota_results_6006c577

Active response data for evaluation 6:
Active set vector = { 1 1 1 }
                      1.5161652800e+00 mass
                      8.8182400800e+04 stress
                      1.6535968900e-03 displacement



---------------------
Begin Evaluation    7
---------------------
Parameters for evaluation 7:
                      1.0000000000e+00 w
                      1.0000000000e+00 t
                      5.0000000000e+00 L
                      5.3641372074e+02 p
                      2.9211736865e+07 E
                      4.8380579288e+01 X
                      1.0465433192e+02 Y

blocking fork: driver.sh /tmp/dakota_params_b2e77c66 /tmp/dakota_results_0da1ef3c

Active response data for evaluation 7:
Active set vector = { 1 1 1 }
                      1.5521230300e+00 mass
                      9.1820946700e+04 stress
                      1.9734564700e-03 displacement



---------------------
Begin Evaluation    8
---------------------
Parameters for evaluation 8:
                      1.0000000000e+00 w
                      1.0000000000e+00 t
                      5.0000000000e+00 L
                      4.9745405508e+02 p
                      2.6228625842e+07 E
                      4.9580101465e+01 X
                      9.5279450867e+01 Y

blocking fork: driver.sh /tmp/dakota_params_60253719 /tmp/dakota_results_1f9dc413

Active response data for evaluation 8:
Active set vector = { 1 1 1 }
                      1.4393925200e+00 mass
                      8.6915731400e+04 stress
                      2.0475233900e-03 displacement



---------------------
Begin Evaluation    9
---------------------
Parameters for evaluation 9:
                      1.0000000000e+00 w
                      1.0000000000e+00 t
                      5.0000000000e+00 L
                      5.1709822988e+02 p
                      2.7132826977e+07 E
                      5.5057906913e+01 X
                      1.0357358951e+02 Y

blocking fork: driver.sh /tmp/dakota_params_1ea45724 /tmp/dakota_results_11bfc5a7

Active response data for evaluation 9:
Active set vector = { 1 1 1 }
                      1.4962333000e+00 mass
                      9.5178897900e+04 stress
                      2.1615546000e-03 displacement



---------------------
Begin Evaluation   10
---------------------
Parameters for evaluation 10:
                      1.0000000000e+00 w
                      1.0000000000e+00 t
                      5.0000000000e+00 L
                      4.6350461799e+02 p
                      2.7554128251e+07 E
                      5.1866169880e+01 X
                      9.0908058148e+01 Y

blocking fork: driver.sh /tmp/dakota_params_3d2894c1 /tmp/dakota_results_2dc8aab6

Active response data for evaluation 10:
Active set vector = { 1 1 1 }
                      1.3411592000e+00 mass
                      8.5664536800e+04 stress
                      1.8992280800e-03 displacement



---------------------
Begin Evaluation   11
---------------------
Parameters for evaluation 11:
                      1.0000000000e+00 w
                      1.0000000000e+00 t
                      5.0000000000e+00 L
                      5.0530148779e+02 p
                      3.0791336349e+07 E
                      4.9942562273e+01 X
                      9.6860399543e+01 Y

blocking fork: driver.sh /tmp/dakota_params_8f864bc9 /tmp/dakota_results_7b8956e7

Active response data for evaluation 11:
Active set vector = { 1 1 1 }
                      1.4620992100e+00 mass
                      8.8081777100e+04 stress
                      1.7696205600e-03 displacement



---------------------
Begin Evaluation   12
---------------------
Parameters for evaluation 12:
                      1.0000000000e+00 w
                      1.0000000000e+00 t
                      5.0000000000e+00 L
                      5.1202860375e+02 p
                      2.6415999928e+07 E
                      5.4360702324e+01 X
                      1.0773426302e+02 Y

blocking fork: driver.sh /tmp/dakota_params_73f55a3e /tmp/dakota_results_597b3257

Active response data for evaluation 12:
Active set vector = { 1 1 1 }
                      1.4815642500e+00 mass
                      9.7256979200e+04 stress
                      2.2840722900e-03 displacement



---------------------
Begin Evaluation   13
---------------------
Parameters for evaluation 13:
                      1.0000000000e+00 w
                      1.0000000000e+00 t
                      5.0000000000e+00 L
                      5.0898625615e+02 p
                      2.7990513240e+07 E
                      5.3485951893e+01 X
                      8.7033180069e+01 Y

blocking fork: driver.sh /tmp/dakota_params_5d8b3de4 /tmp/dakota_results_a3b4088a

Active response data for evaluation 13:
Active set vector = { 1 1 1 }
                      1.4727611600e+00 mass
                      8.4311479200e+04 stress
                      1.8248039900e-03 displacement



---------------------
Begin Evaluation   14
---------------------
Parameters for evaluation 14:
                      1.0000000000e+00 w
                      1.0000000000e+00 t
                      5.0000000000e+00 L
                      5.1022508433e+02 p
                      3.0424674853e+07 E
                      5.2763954627e+01 X
                      1.1529366178e+02 Y

blocking fork: driver.sh /tmp/dakota_params_d5466d04 /tmp/dakota_results_b2f11450

Active response data for evaluation 14:
Active set vector = { 1 1 1 }
                      1.4763457300e+00 mass
                      1.0083457000e+05 stress
                      2.0837327500e-03 displacement



---------------------
Begin Evaluation   15
---------------------
Parameters for evaluation 15:
                      1.0000000000e+00 w
                      1.0000000000e+00 t
                      5.0000000000e+00 L
                      5.4107837335e+02 p
                      2.7782750138e+07 E
                      5.2677442699e+01 X
                      1.0767124720e+02 Y

blocking fork: driver.sh /tmp/dakota_params_4095fa15 /tmp/dakota_results_d524473c

Active response data for evaluation 15:
Active set vector = { 1 1 1 }
                      1.5656202900e+00 mass
                      9.6209213900e+04 stress
                      2.1572133000e-03 displacement



---------------------
Begin Evaluation   16
---------------------
Parameters for evaluation 16:
                      1.0000000000e+00 w
                      1.0000000000e+00 t
                      5.0000000000e+00 L
                      4.6948836327e+02 p
                      3.2373946457e+07 E
                      5.2996665638e+01 X
                      1.0341380758e+02 Y

blocking fork: driver.sh /tmp/dakota_params_4ce06766 /tmp/dakota_results_87c54e97

Active response data for evaluation 16:
Active set vector = { 1 1 1 }
                      1.3584732700e+00 mass
                      9.3846283900e+04 stress
                      1.7946943400e-03 displacement



---------------------
Begin Evaluation   17
---------------------
Parameters for evaluation 17:
                      1.0000000000e+00 w
                      1.0000000000e+00 t
                      5.0000000000e+00 L
                      5.1428212619e+02 p
                      3.0119805844e+07 E
                      5.2884847501e+01 X
                      9.7866354315e+01 Y

blocking fork: driver.sh /tmp/dakota_params_e2f261fa /tmp/dakota_results_93013817

Active response data for evaluation 17:
Active set vector = { 1 1 1 }
                      1.4880848600e+00 mass
                      9.0450721100e+04 stress
                      1.8466473000e-03 displacement



---------------------
Begin Evaluation   18
---------------------
Parameters for evaluation 18:
                      1.0000000000e+00 w
                      1.0000000000e+00 t
                      5.0000000000e+00 L
                      4.8646861112e+02 p
                      2.4708852626e+07 E
                      4.6059740854e+01 X
                      9.5433880956e+01 Y

blocking fork: driver.sh /tmp/dakota_params_07c6c5f6 /tmp/dakota_results_dfbd1f95

Active response data for evaluation 18:
Active set vector = { 1 1 1 }
                      1.4076059300e+00 mass
                      8.4896173100e+04 stress
                      2.1443239200e-03 displacement



---------------------
Begin Evaluation   19
---------------------
Parameters for evaluation 19:
                      1.0000000000e+00 w
                      1.0000000000e+00 t
                      5.0000000000e+00 L
                      5.0610244867e+02 p
                      2.6625237412e+07 E
                      4.8241511112e+01 X
                      9.6078044975e+01 Y

blocking fork: driver.sh /tmp/dakota_params_9ed66a78 /tmp/dakota_results_d01e3db4

Active response data for evaluation 19:
Active set vector = { 1 1 1 }
                      1.4644168100e+00 mass
                      8.6591733700e+04 stress
                      2.0189346400e-03 displacement



---------------------
Begin Evaluation   20
---------------------
Parameters for evaluation 20:
                      1.0000000000e+00 w
                      1.0000000000e+00 t
                      5.0000000000e+00 L
                      5.4017976889e+02 p
                      2.8232701714e+07 E
                      4.6641785063e+01 X
                      9.8193194055e+01 Y

blocking fork: driver.sh /tmp/dakota_params_35ef2ba3 /tmp/dakota_results_4f8c2b10

Active response data for evaluation 20:
Active set vector = { 1 1 1 }
                      1.5630201600e+00 mass
                      8.6900987500e+04 stress
                      1.9252085800e-03 displacement



---------------------
Begin Evaluation   21
---------------------
Parameters for evaluation 21:
                      1.0000000000e+00 w
                      1.0000000000e+00 t
                      5.0000000000e+00 L
                      5.5192334015e+02 p
                      2.9743907329e+07 E
                      4.7060870758e+01 X
                      1.0035016692e+02 Y

blocking fork: driver.sh /tmp/dakota_params_987da382 /tmp/dakota_results_95e9c5d0

Active response data for evaluation 21:
Active set vector = { 1 1 1 }
                      1.5970004100e+00 mass
                      8.8446622600e+04 stress
                      1.8631914000e-03 displacement



---------------------
Begin Evaluation   22
---------------------
Parameters for evaluation 22:
                      1.0000000000e+00 w
                      1.0000000000e+00 t
                      5.0000000000e+00 L
                      4.5862548780e+02 p
                      2.8431753677e+07 E
                      4.8529320067e+01 X
                      9.9277919536e+01 Y

blocking fork: driver.sh /tmp/dakota_params_e08a857c /tmp/dakota_results_d0b9ed3f

Active response data for evaluation 22:
Active set vector = { 1 1 1 }
                      1.3270413400e+00 mass
                      8.8684343800e+04 stress
                      1.9433254200e-03 displacement



---------------------
Begin Evaluation   23
---------------------
Parameters for evaluation 23:
                      1.0000000000e+00 w
                      1.0000000000e+00 t
                      5.0000000000e+00 L
                      4.8816314000e+02 p
                      2.8553992460e+07 E
                      5.1265374868e+01 X
                      1.0240898061e+02 Y

blocking fork: driver.sh /tmp/dakota_params_7c05f617 /tmp/dakota_results_3cb6ee9c

Active response data for evaluation 23:
Active set vector = { 1 1 1 }
                      1.4125090900e+00 mass
                      9.2204613300e+04 stress
                      2.0053931600e-03 displacement



---------------------
Begin Evaluation   24
---------------------
Parameters for evaluation 24:
                      1.0000000000e+00 w
                      1.0000000000e+00 t
                      5.0000000000e+00 L
                      4.9812131805e+02 p
                      2.9004871627e+07 E
                      4.9711433801e+01 X
                      8.9777954346e+01 Y

blocking fork: driver.sh /tmp/dakota_params_1c4022d0 /tmp/dakota_results_a0bdd527

Active response data for evaluation 24:
Active set vector = { 1 1 1 }
                      1.4413232600e+00 mass
                      8.3693632900e+04 stress
                      1.7690504100e-03 displacement



---------------------
Begin Evaluation   25
---------------------
Parameters for evaluation 25:
                      1.0000000000e+00 w
                      1.0000000000e+00 t
                      5.0000000000e+00 L
                      4.8926764432e+02 p
                      2.6534950297e+07 E
                      5.1747505288e+01 X
                      1.0195157371e+02 Y

blocking fork: driver.sh /tmp/dakota_params_16831aec /tmp/dakota_results_ffb34e30

Active response data for evaluation 25:
Active set vector = { 1 1 1 }
                      1.4157049900e+00 mass
                      9.2219447400e+04 stress
                      2.1543762100e-03 displacement



---------------------
Begin Evaluation   26
---------------------
Parameters for evaluation 26:
                      1.0000000000e+00 w
                      1.0000000000e+00 t
                      5.0000000000e+00 L
                      5.1326636447e+02 p
                      3.2838432376e+07 E
                      4.6996052930e+01 X
                      9.1772212322e+01 Y

blocking fork: driver.sh /tmp/dakota_params_67f3810a /tmp/dakota_results_cdf69743

Active response data for evaluation 26:
Active set vector = { 1 1 1 }
                      1.4851457300e+00 mass
                      8.3260959200e+04 stress
                      1.5698924700e-03 displacement



---------------------
Begin Evaluation   27
---------------------
Parameters for evaluation 27:
                      1.0000000000e+00 w
                      1.0000000000e+00 t
                      5.0000000000e+00 L
                      4.9653804778e+02 p
                      2.8159063035e+07 E
                      4.8326599712e+01 X
                      1.0090594192e+02 Y

blocking fork: driver.sh /tmp/dakota_params_d247278a /tmp/dakota_results_9e27e5f4

Active response data for evaluation 27:
Active set vector = { 1 1 1 }
                      1.4367420400e+00 mass
                      8.9539525000e+04 stress
                      1.9865983600e-03 displacement



---------------------
Begin Evaluation   28
---------------------
Parameters for evaluation 28:
                      1.0000000000e+00 w
                      1.0000000000e+00 t
                      5.0000000000e+00 L
                      4.9089126152e+02 p
                      2.9337440767e+07 E
                      5.4724454384e+01 X
                      1.0178138669e+02 Y

blocking fork: driver.sh /tmp/dakota_params_0fe8b1bf /tmp/dakota_results_b793cfb3

Active response data for evaluation 28:
Active set vector = { 1 1 1 }
                      1.4204029600e+00 mass
                      9.3903504600e+04 stress
                      1.9695045400e-03 displacement



---------------------
Begin Evaluation   29
---------------------
Parameters for evaluation 29:
                      1.0000000000e+00 w
                      1.0000000000e+00 t
                      5.0000000000e+00 L
                      4.9232336311e+02 p
                      3.1824507563e+07 E
                      4.8792376932e+01 X
                      1.0456208139e+02 Y

blocking fork: driver.sh /tmp/dakota_params_df7c2af1 /tmp/dakota_results_f7777d25

Active response data for evaluation 29:
Active set vector = { 1 1 1 }
                      1.4245467700e+00 mass
                      9.2012675000e+04 stress
                      1.8128478800e-03 displacement



---------------------
Begin Evaluation   30
---------------------
Parameters for evaluation 30:
                      1.0000000000e+00 w
                      1.0000000000e+00 t
                      5.0000000000e+00 L
                      4.8849337822e+02 p
                      3.0213380771e+07 E
                      4.8898344693e+01 X
                      1.0500784066e+02 Y

blocking fork: driver.sh /tmp/dakota_params_c356aa5d /tmp/dakota_results_df27c5a7

Active response data for evaluation 30:
Active set vector = { 1 1 1 }
                      1.4134646400e+00 mass
                      9.2343711200e+04 stress
                      1.9169449200e-03 displacement



---------------------
Begin Evaluation   31
---------------------
Parameters for evaluation 31:
                      1.0000000000e+00 w
                      1.0000000000e+00 t
                      5.0000000000e+00 L
                      5.1943831163e+02 p
                      2.8721209891e+07 E
                      5.4087034769e+01 X
                      9.6255494721e+01 Y

blocking fork: driver.sh /tmp/dakota_params_99d0df1e /tmp/dakota_results_f9be0310

Active response data for evaluation 31:
Active set vector = { 1 1 1 }
                      1.5030043700e+00 mass
                      9.0205517700e+04 stress
                      1.9221112700e-03 displacement



---------------------
Begin Evaluation   32
---------------------
Parameters for evaluation 32:
                      1.0000000000e+00 w
                      1.0000000000e+00 t
                      5.0000000000e+00 L
                      4.4017325881e+02 p
                      2.7707178895e+07 E
                      4.5764370652e+01 X
                      9.4163297843e+01 Y

blocking fork: driver.sh /tmp/dakota_params_99edbdbe /tmp/dakota_results_b1a8e70e

Active response data for evaluation 32:
Active set vector = { 1 1 1 }
                      1.2736494800e+00 mass
                      8.3956601100e+04 stress
                      1.8893170800e-03 displacement



---------------------
Begin Evaluation   33
---------------------
Parameters for evaluation 33:
                      1.0000000000e+00 w
                      1.0000000000e+00 t
                      5.0000000000e+00 L
                      5.3684268663e+02 p
                      2.8054122149e+07 E
                      4.7679799067e+01 X
                      1.1174519760e+02 Y

blocking fork: driver.sh /tmp/dakota_params_19648a89 /tmp/dakota_results_eb0121ab

Active response data for evaluation 33:
Active set vector = { 1 1 1 }
                      1.5533642600e+00 mass
                      9.5654998000e+04 stress
                      2.1653179900e-03 displacement



---------------------
Begin Evaluation   34
---------------------
Parameters for evaluation 34:
                      1.0000000000e+00 w
                      1.0000000000e+00 t
                      5.0000000000e+00 L
                      4.7232533811e+02 p
                      2.6924644346e+07 E
                      5.3318516170e+01 X
                      1.0579770406e+02 Y

blocking fork: driver.sh /tmp/dakota_params_53c069e2 /tmp/dakota_results_172841ee

Active response data for evaluation 34:
Active set vector = { 1 1 1 }
                      1.3666821100e+00 mass
                      9.5469732100e+04 stress
                      2.2000978300e-03 displacement



---------------------
Begin Evaluation   35
---------------------
Parameters for evaluation 35:
                      1.0000000000e+00 w
                      1.0000000000e+00 t
                      5.0000000000e+00 L
                      4.7533286949e+02 p
                      3.0409349754e+07 E
                      4.9536287943e+01 X
                      9.7598724303e+01 Y

blocking fork: driver.sh /tmp/dakota_params_a71cb414 /tmp/dakota_results_8e0dbc8b

Active response data for evaluation 35:
Active set vector = { 1 1 1 }
                      1.3753844600e+00 mass
                      8.8281007300e+04 stress
                      1.7996149200e-03 displacement



---------------------
Begin Evaluation   36
---------------------
Parameters for evaluation 36:
                      1.0000000000e+00 w
                      1.0000000000e+00 t
                      5.0000000000e+00 L
                      4.6489306434e+02 p
                      3.1637352577e+07 E
                      5.0800005190e+01 X
                      9.3881088828e+01 Y

blocking fork: driver.sh /tmp/dakota_params_c9e44733 /tmp/dakota_results_ec73296f

Active response data for evaluation 36:
Active set vector = { 1 1 1 }
                      1.3451766900e+00 mass
                      8.6808656400e+04 stress
                      1.6869945600e-03 displacement



---------------------
Begin Evaluation   37
---------------------
Parameters for evaluation 37:
                      1.0000000000e+00 w
                      1.0000000000e+00 t
                      5.0000000000e+00 L
                      5.2650715931e+02 p
                      3.0012409295e+07 E
                      4.4320071752e+01 X
                      9.7723607173e+01 Y

blocking fork: driver.sh /tmp/dakota_params_d9d82c97 /tmp/dakota_results_209c6ec4

Active response data for evaluation 37:
Active set vector = { 1 1 1 }
                      1.5234582200e+00 mass
                      8.5226207400e+04 stress
                      1.7876623900e-03 displacement



---------------------
Begin Evaluation   38
---------------------
Parameters for evaluation 38:
                      1.0000000000e+00 w
                      1.0000000000e+00 t
                      5.0000000000e+00 L
                      4.8469330477e+02 p
                      2.8111981390e+07 E
                      4.3755259038e+01 X
                      9.8605425980e+01 Y

blocking fork: driver.sh /tmp/dakota_params_1e565bf2 /tmp/dakota_results_91122949

Active response data for evaluation 38:
Active set vector = { 1 1 1 }
                      1.4024690500e+00 mass
                      8.5416411000e+04 stress
                      1.9187101700e-03 displacement



---------------------
Begin Evaluation   39
---------------------
Parameters for evaluation 39:
                      1.0000000000e+00 w
                      1.0000000000e+00 t
                      5.0000000000e+00 L
                      5.2805814196e+02 p
                      2.6984666759e+07 E
                      5.3215988034e+01 X
                      9.2759252853e+01 Y

blocking fork: driver.sh /tmp/dakota_params_87a20a98 /tmp/dakota_results_3acc2611

Active response data for evaluation 39:
Active set vector = { 1 1 1 }
                      1.5279460100e+00 mass
                      8.7585144500e+04 stress
                      1.9815005800e-03 displacement



---------------------
Begin Evaluation   40
---------------------
Parameters for evaluation 40:
                      1.0000000000e+00 w
                      1.0000000000e+00 t
                      5.0000000000e+00 L
                      4.9070434659e+02 p
                      2.9404442806e+07 E
                      5.2507078370e+01 X
                      1.0045205289e+02 Y

blocking fork: driver.sh /tmp/dakota_params_b1464bc3 /tmp/dakota_results_02c07587

Active response data for evaluation 40:
Active set vector = { 1 1 1 }
                      1.4198621100e+00 mass
                      9.1775478800e+04 stress
                      1.9273837500e-03 displacement



---------------------
Begin Evaluation   41
---------------------
Parameters for evaluation 41:
                      1.0000000000e+00 w
                      1.0000000000e+00 t
                      5.0000000000e+00 L
                      5.2166979005e+02 p
                      3.1433729224e+07 E
                      5.1394422658e+01 X
                      1.0089797602e+02 Y

blocking fork: driver.sh /tmp/dakota_params_a0b3915b /tmp/dakota_results_13d3a9a5

Active response data for evaluation 41:
Active set vector = { 1 1 1 }
                      1.5094612000e+00 mass
                      9.1375439200e+04 stress
                      1.8011438400e-03 displacement



---------------------
Begin Evaluation   42
---------------------
Parameters for evaluation 42:
                      1.0000000000e+00 w
                      1.0000000000e+00 t
                      5.0000000000e+00 L
                      5.4695954878e+02 p
                      2.9962802263e+07 E
                      4.6826311603e+01 X
                      1.0550815730e+02 Y

blocking fork: driver.sh /tmp/dakota_params_c526688b /tmp/dakota_results_33392a04

Active response data for evaluation 42:
Active set vector = { 1 1 1 }
                      1.5826375800e+00 mass
                      9.1400681300e+04 stress
                      1.9262643400e-03 displacement



---------------------
Begin Evaluation   43
---------------------
Parameters for evaluation 43:
                      1.0000000000e+00 w
                      1.0000000000e+00 t
                      5.0000000000e+00 L
                      4.9515729093e+02 p
                      2.8496902840e+07 E
                      5.2358118334e+01 X
                      9.8144815024e+01 Y

blocking fork: driver.sh /tmp/dakota_params_dcb6146e /tmp/dakota_results_1df78468

Active response data for evaluation 43:
Active set vector = { 1 1 1 }
                      1.4327467900e+00 mass
                      9.0301760000e+04 stress
                      1.9517468600e-03 displacement



---------------------
Begin Evaluation   44
---------------------
Parameters for evaluation 44:
                      1.0000000000e+00 w
                      1.0000000000e+00 t
                      5.0000000000e+00 L
                      5.3105474653e+02 p
                      2.9517124840e+07 E
                      5.0104967138e+01 X
                      8.8048292399e+01 Y

blocking fork: driver.sh /tmp/dakota_params_9f4954a9 /tmp/dakota_results_2231436e

Active response data for evaluation 44:
Active set vector = { 1 1 1 }
                      1.5366167400e+00 mass
                      8.2891955700e+04 stress
                      1.7160633600e-03 displacement



---------------------
Begin Evaluation   45
---------------------
Parameters for evaluation 45:
                      1.0000000000e+00 w
                      1.0000000000e+00 t
                      5.0000000000e+00 L
                      4.6862485427e+02 p
                      2.3589431763e+07 E
                      5.1444756109e+01 X
                      1.0667150559e+02 Y

blocking fork: driver.sh /tmp/dakota_params_2608c462 /tmp/dakota_results_4d273664

Active response data for evaluation 45:
Active set vector = { 1 1 1 }
                      1.3559746900e+00 mass
                      9.4869757000e+04 stress
                      2.5102081500e-03 displacement



---------------------
Begin Evaluation   46
---------------------
Parameters for evaluation 46:
                      1.0000000000e+00 w
                      1.0000000000e+00 t
                      5.0000000000e+00 L
                      5.0117599689e+02 p
                      2.8910474613e+07 E
                      4.9143891735e+01 X
                      1.0431116254e+02 Y

blocking fork: driver.sh /tmp/dakota_params_d4fa0ff2 /tmp/dakota_results_3459327c

Active response data for evaluation 46:
Active set vector = { 1 1 1 }
                      1.4501620300e+00 mass
                      9.2073032600e+04 stress
                      1.9942257400e-03 displacement



---------------------
Begin Evaluation   47
---------------------
Parameters for evaluation 47:
                      1.0000000000e+00 w
                      1.0000000000e+00 t
                      5.0000000000e+00 L
                      4.3420103232e+02 p
                      2.8650002018e+07 E
                      5.1762621324e+01 X
                      1.1365093871e+02 Y

blocking fork: driver.sh /tmp/dakota_params_ec29142c /tmp/dakota_results_03a04570

Active response data for evaluation 47:
Active set vector = { 1 1 1 }
                      1.2563687300e+00 mass
                      9.9248136000e+04 stress
                      2.1794687000e-03 displacement



---------------------
Begin Evaluation   48
---------------------
Parameters for evaluation 48:
                      1.0000000000e+00 w
                      1.0000000000e+00 t
                      5.0000000000e+00 L
                      5.5753012456e+02 p
                      3.0710767844e+07 E
                      5.0432988591e+01 X
                      1.0118638318e+02 Y

blocking fork: driver.sh /tmp/dakota_params_5589b492 /tmp/dakota_results_03a70b58

Active response data for evaluation 48:
Active set vector = { 1 1 1 }
                      1.6132237400e+00 mass
                      9.0971623100e+04 stress
                      1.8406941500e-03 displacement



---------------------
Begin Evaluation   49
---------------------
Parameters for evaluation 49:
                      1.0000000000e+00 w
                      1.0000000000e+00 t
                      5.0000000000e+00 L
                      4.9404356059e+02 p
                      3.0070179727e+07 E
                      5.0912569594e+01 X
                      9.6414977514e+01 Y

blocking fork: driver.sh /tmp/dakota_params_499f8447 /tmp/dakota_results_c8d51ef2

Active response data for evaluation 49:
Active set vector = { 1 1 1 }
                      1.4295241900e+00 mass
                      8.8396528300e+04 stress
                      1.8129559000e-03 displacement



---------------------
Begin Evaluation   50
---------------------
Parameters for evaluation 50:
                      1.0000000000e+00 w
                      1.0000000000e+00 t
                      5.0000000000e+00 L
                      4.6022094510e+02 p
                      2.8212044856e+07 E
                      4.7772310408e+01 X
                      1.0646317012e+02 Y

blocking fork: driver.sh /tmp/dakota_params_96e23240 /tmp/dakota_results_556f3b30

Active response data for evaluation 50:
Active set vector = { 1 1 1 }
                      1.3316578300e+00 mass
                      9.2541288300e+04 stress
                      2.0680916600e-03 displacement



---------------------
Begin Evaluation   51
---------------------
Parameters for evaluation 51:
                      1.0000000000e+00 w
                      1.0000000000e+00 t
                      5.0000000000e+00 L
                      5.1906660322e+02 p
                      3.0954123556e+07 E
                      4.8641970523e+01 X
                      9.8473241194e+01 Y

blocking fork: driver.sh /tmp/dakota_params_a9f5ab1c /tmp/dakota_results_8d81cfa4

Active response data for evaluation 51:
Active set vector = { 1 1 1 }
                      1.5019288300e+00 mass
                      8.8269127000e+04 stress
                      1.7741058400e-03 displacement



---------------------
Begin Evaluation   52
---------------------
Parameters for evaluation 52:
                      1.0000000000e+00 w
                      1.0000000000e+00 t
                      5.0000000000e+00 L
                      5.6664315148e+02 p
                      2.8629703083e+07 E
                      5.0672380858e+01 X
                      1.0505286584e+02 Y

blocking fork: driver.sh /tmp/dakota_params_e331ed69 /tmp/dakota_results_7218b452

Active response data for evaluation 52:
Active set vector = { 1 1 1 }
                      1.6395924500e+00 mass
                      9.3435148000e+04 stress
                      2.0369632600e-03 displacement



---------------------
Begin Evaluation   53
---------------------
Parameters for evaluation 53:
                      1.0000000000e+00 w
                      1.0000000000e+00 t
                      5.0000000000e+00 L
                      4.7056576046e+02 p
                      2.8995048622e+07 E
                      4.9883308709e+01 X
                      1.1043064621e+02 Y

blocking fork: driver.sh /tmp/dakota_params_67ed4d02 /tmp/dakota_results_785c69e5

Active response data for evaluation 53:
Active set vector = { 1 1 1 }
                      1.3615907400e+00 mass
                      9.6188373000e+04 stress
                      2.0895731900e-03 displacement



---------------------
Begin Evaluation   54
---------------------
Parameters for evaluation 54:
                      1.0000000000e+00 w
                      1.0000000000e+00 t
                      5.0000000000e+00 L
                      4.5272660761e+02 p
                      2.7487159037e+07 E
                      5.3588116963e+01 X
                      9.3627305043e+01 Y

blocking fork: driver.sh /tmp/dakota_params_cd34db0b /tmp/dakota_results_4b59edf4

Active response data for evaluation 54:
Active set vector = { 1 1 1 }
                      1.3099728200e+00 mass
                      8.8329253200e+04 stress
                      1.9623425500e-03 displacement



---------------------
Begin Evaluation   55
---------------------
Parameters for evaluation 55:
                      1.0000000000e+00 w
                      1.0000000000e+00 t
                      5.0000000000e+00 L
                      5.1660105911e+02 p
                      3.0295038691e+07 E
                      5.6592790959e+01 X
                      1.0541740621e+02 Y

blocking fork: driver.sh /tmp/dakota_params_2b541847 /tmp/dakota_results_bba151dd

Active response data for evaluation 55:
Active set vector = { 1 1 1 }
                      1.4947947300e+00 mass
                      9.7206118300e+04 stress
                      1.9747079200e-03 displacement



---------------------
Begin Evaluation   56
---------------------
Parameters for evaluation 56:
                      1.0000000000e+00 w
                      1.0000000000e+00 t
                      5.0000000000e+00 L
                      4.7465069659e+02 p
                      2.7846251723e+07 E
                      4.8978246106e+01 X
                      1.0297653105e+02 Y

blocking fork: driver.sh /tmp/dakota_params_a5c021c0 /tmp/dakota_results_11e5a1d6

Active response data for evaluation 56:
Active set vector = { 1 1 1 }
                      1.3734105800e+00 mass
                      9.1172866300e+04 stress
                      2.0475080500e-03 displacement



---------------------
Begin Evaluation   57
---------------------
Parameters for evaluation 57:
                      1.0000000000e+00 w
                      1.0000000000e+00 t
                      5.0000000000e+00 L
                      4.9336788564e+02 p
                      2.8371741258e+07 E
                      5.2081280456e+01 X
                      9.4743533405e+01 Y

blocking fork: driver.sh /tmp/dakota_params_78929a40 /tmp/dakota_results_9405dcd9

Active response data for evaluation 57:
Active set vector = { 1 1 1 }
                      1.4275691100e+00 mass
                      8.8094888300e+04 stress
                      1.9053243600e-03 displacement



---------------------
Begin Evaluation   58
---------------------
Parameters for evaluation 58:
                      1.0000000000e+00 w
                      1.0000000000e+00 t
                      5.0000000000e+00 L
                      4.9274839553e+02 p
                      3.0868010905e+07 E
                      4.7206020536e+01 X
                      1.0698032575e+02 Y

blocking fork: driver.sh /tmp/dakota_params_4ad07c66 /tmp/dakota_results_6648cd5a

Active response data for evaluation 58:
Active set vector = { 1 1 1 }
                      1.4257766100e+00 mass
                      9.2511807800e+04 stress
                      1.8940717100e-03 displacement



---------------------
Begin Evaluation   59
---------------------
Parameters for evaluation 59:
                      1.0000000000e+00 w
                      1.0000000000e+00 t
                      5.0000000000e+00 L
                      4.8587205865e+02 p
                      3.3396419678e+07 E
                      5.1533650553e+01 X
                      9.5893949152e+01 Y

blocking fork: driver.sh /tmp/dakota_params_fcbb4f39 /tmp/dakota_results_ac6be6d2

Active response data for evaluation 59:
Active set vector = { 1 1 1 }
                      1.4058798000e+00 mass
                      8.8456559800e+04 stress
                      1.6298750500e-03 displacement



---------------------
Begin Evaluation   60
---------------------
Parameters for evaluation 60:
                      1.0000000000e+00 w
                      1.0000000000e+00 t
                      5.0000000000e+00 L
                      5.0806593133e+02 p
                      2.7419440189e+07 E
                      4.9378909570e+01 X
                      9.9991055114e+01 Y

blocking fork: driver.sh /tmp/dakota_params_8a7e3d9d /tmp/dakota_results_a8a2202b

Active response data for evaluation 60:
Active set vector = { 1 1 1 }
                      1.4700981800e+00 mass
                      8.9621978800e+04 stress
                      2.0335754700e-03 displacement



---------------------
Begin Evaluation   61
---------------------
Parameters for evaluation 61:
                      1.0000000000e+00 w
                      1.0000000000e+00 t
                      5.0000000000e+00 L
                      5.4526706629e+02 p
                      3.1304134479e+07 E
                      5.0476258430e+01 X
                      9.4434939299e+01 Y

blocking fork: driver.sh /tmp/dakota_params_55f73f77 /tmp/dakota_results_3bff466c

Active response data for evaluation 61:
Active set vector = { 1 1 1 }
                      1.5777403500e+00 mass
                      8.6946718600e+04 stress
                      1.7102936500e-03 displacement



---------------------
Begin Evaluation   62
---------------------
Parameters for evaluation 62:
                      1.0000000000e+00 w
                      1.0000000000e+00 t
                      5.0000000000e+00 L
                      5.2272028452e+02 p
                      2.7255696674e+07 E
                      5.2291535227e+01 X
                      9.2431264247e+01 Y

blocking fork: driver.sh /tmp/dakota_params_7c5372a1 /tmp/dakota_results_31996ae3

Active response data for evaluation 62:
Active set vector = { 1 1 1 }
                      1.5125008200e+00 mass
                      8.6833679700e+04 stress
                      1.9481736700e-03 displacement



---------------------
Begin Evaluation   63
---------------------
Parameters for evaluation 63:
                      1.0000000000e+00 w
                      1.0000000000e+00 t
                      5.0000000000e+00 L
                      5.2577680114e+02 p
                      3.2113804118e+07 E
                      4.9406064344e+01 X
                      1.0202483484e+02 Y

blocking fork: driver.sh /tmp/dakota_params_8b3d88fa /tmp/dakota_results_d8bb3c73

Active response data for evaluation 63:
Active set vector = { 1 1 1 }
                      1.5213449100e+00 mass
                      9.0858539500e+04 stress
                      1.7649412600e-03 displacement



---------------------
Begin Evaluation   64
---------------------
Parameters for evaluation 64:
                      1.0000000000e+00 w
                      1.0000000000e+00 t
                      5.0000000000e+00 L
                      4.7674918087e+02 p
                      2.7223669698e+07 E
                      4.9244178477e+01 X
                      9.1224613906e+01 Y

blocking fork: driver.sh /tmp/dakota_params_c42d6a7a /tmp/dakota_results_3e71f78f

Active response data for evaluation 64:
Active set vector = { 1 1 1 }
                      1.3794825800e+00 mass
                      8.4281275400e+04 stress
                      1.9039929300e-03 displacement



---------------------
Begin Evaluation   65
---------------------
Parameters for evaluation 65:
                      1.0000000000e+00 w
                      1.0000000000e+00 t
                      5.0000000000e+00 L
                      4.8266950242e+02 p
                      3.0648085530e+07 E
                      5.0535009138e+01 X
                      1.0406934263e+02 Y

blocking fork: driver.sh /tmp/dakota_params_689c6682 /tmp/dakota_results_b7d57b2a

Active response data for evaluation 65:
Active set vector = { 1 1 1 }
                      1.3966131400e+00 mass
                      9.2762611100e+04 stress
                      1.8873963400e-03 displacement



---------------------
Begin Evaluation   66
---------------------
Parameters for evaluation 66:
                      1.0000000000e+00 w
                      1.0000000000e+00 t
                      5.0000000000e+00 L
                      5.3407805232e+02 p
                      2.8297126543e+07 E
                      5.1579389728e+01 X
                      1.0025672562e+02 Y

blocking fork: driver.sh /tmp/dakota_params_a685c827 /tmp/dakota_results_e96326a2

Active response data for evaluation 66:
Active set vector = { 1 1 1 }
                      1.5453647300e+00 mass
                      9.1101669200e+04 stress
                      1.9921954900e-03 displacement



---------------------
Begin Evaluation   67
---------------------
Parameters for evaluation 67:
                      1.0000000000e+00 w
                      1.0000000000e+00 t
                      5.0000000000e+00 L
                      5.3203808537e+02 p
                      2.5843682621e+07 E
                      5.1978157326e+01 X
                      1.0291214982e+02 Y

blocking fork: driver.sh /tmp/dakota_params_2afc8801 /tmp/dakota_results_7d5641ec

Active response data for evaluation 67:
Active set vector = { 1 1 1 }
                      1.5394620500e+00 mass
                      9.2934184300e+04 stress
                      2.2305975300e-03 displacement



---------------------
Begin Evaluation   68
---------------------
Parameters for evaluation 68:
                      1.0000000000e+00 w
                      1.0000000000e+00 t
                      5.0000000000e+00 L
                      5.1489778694e+02 p
                      2.6772687413e+07 E
                      5.3702324866e+01 X
                      9.9446777603e+01 Y

blocking fork: driver.sh /tmp/dakota_params_3c2b93a4 /tmp/dakota_results_f6081404

Active response data for evaluation 68:
Active set vector = { 1 1 1 }
                      1.4898662800e+00 mass
                      9.1889461500e+04 stress
                      2.1107398800e-03 displacement



---------------------
Begin Evaluation   69
---------------------
Parameters for evaluation 69:
                      1.0000000000e+00 w
                      1.0000000000e+00 t
                      5.0000000000e+00 L
                      5.1105127260e+02 p
                      2.5015211391e+07 E
                      4.8054371628e+01 X
                      9.7139588121e+01 Y

blocking fork: driver.sh /tmp/dakota_params_c7c64637 /tmp/dakota_results_5f742489

Active response data for evaluation 69:
Active set vector = { 1 1 1 }
                      1.4787363200e+00 mass
                      8.7116375800e+04 stress
                      2.1661987200e-03 displacement



---------------------
Begin Evaluation   70
---------------------
Parameters for evaluation 70:
                      1.0000000000e+00 w
                      1.0000000000e+00 t
                      5.0000000000e+00 L
                      5.2884854827e+02 p
                      2.9391557863e+07 E
                      4.7300715503e+01 X
                      1.0125354504e+02 Y

blocking fork: driver.sh /tmp/dakota_params_00c94ca5 /tmp/dakota_results_ef9ffc04

Active response data for evaluation 70:
Active set vector = { 1 1 1 }
                      1.5302330700e+00 mass
                      8.9132556300e+04 stress
                      1.9011760100e-03 displacement



---------------------
Begin Evaluation   71
---------------------
Parameters for evaluation 71:
                      1.0000000000e+00 w
                      1.0000000000e+00 t
                      5.0000000000e+00 L
                      5.4416826908e+02 p
                      3.0515575192e+07 E
                      5.1180145387e+01 X
                      1.0939593788e+02 Y

blocking fork: driver.sh /tmp/dakota_params_ca94881b /tmp/dakota_results_66bdff80

Active response data for evaluation 71:
Active set vector = { 1 1 1 }
                      1.5745609600e+00 mass
                      9.6345650000e+04 stress
                      1.9789263300e-03 displacement



---------------------
Begin Evaluation   72
---------------------
Parameters for evaluation 72:
                      1.0000000000e+00 w
                      1.0000000000e+00 t
                      5.0000000000e+00 L
                      5.1827349404e+02 p
                      3.1244993035e+07 E
                      4.4994410862e+01 X
                      9.8798161687e+01 Y

blocking fork: driver.sh /tmp/dakota_params_d08c2fdd /tmp/dakota_results_1b74ff08

Active response data for evaluation 72:
Active set vector = { 1 1 1 }
                      1.4996339500e+00 mass
                      8.6275543500e+04 stress
                      1.7372604700e-03 displacement



---------------------
Begin Evaluation   73
---------------------
Parameters for evaluation 73:
                      1.0000000000e+00 w
                      1.0000000000e+00 t
                      5.0000000000e+00 L
                      5.0064322944e+02 p
                      3.2701521526e+07 E
                      5.0970176629e+01 X
                      1.0715247655e+02 Y

blocking fork: driver.sh /tmp/dakota_params_296436ef /tmp/dakota_results_1d81db44

Active response data for evaluation 73:
Active set vector = { 1 1 1 }
                      1.4486204600e+00 mass
                      9.4873591900e+04 stress
                      1.8142510800e-03 displacement



---------------------
Begin Evaluation   74
---------------------
Parameters for evaluation 74:
                      1.0000000000e+00 w
                      1.0000000000e+00 t
                      5.0000000000e+00 L
                      5.0402640211e+02 p
                      2.9111579850e+07 E
                      4.7478537758e+01 X
                      1.0398222218e+02 Y

blocking fork: driver.sh /tmp/dakota_params_3e4949e7 /tmp/dakota_results_6818f058

Active response data for evaluation 74:
Active set vector = { 1 1 1 }
                      1.4584097300e+00 mass
                      9.0876456000e+04 stress
                      1.9632884000e-03 displacement



---------------------
Begin Evaluation   75
---------------------
Parameters for evaluation 75:
                      1.0000000000e+00 w
                      1.0000000000e+00 t
                      5.0000000000e+00 L
                      5.5555371395e+02 p
                      2.8814674822e+07 E
                      5.2562897275e+01 X
                      9.4577363825e+01 Y

blocking fork: driver.sh /tmp/dakota_params_313ca7ce /tmp/dakota_results_10e82e10

Active response data for evaluation 75:
Active set vector = { 1 1 1 }
                      1.6075049600e+00 mass
                      8.8284156700e+04 stress
                      1.8775553100e-03 displacement



---------------------
Begin Evaluation   76
---------------------
Parameters for evaluation 76:
                      1.0000000000e+00 w
                      1.0000000000e+00 t
                      5.0000000000e+00 L
                      4.4554732559e+02 p
                      3.1540132743e+07 E
                      5.0370195861e+01 X
                      1.0924190546e+02 Y

blocking fork: driver.sh /tmp/dakota_params_1c308a44 /tmp/dakota_results_77b61ffc

Active response data for evaluation 76:
Active set vector = { 1 1 1 }
                      1.2891994400e+00 mass
                      9.5767260800e+04 stress
                      1.9070189900e-03 displacement



---------------------
Begin Evaluation   77
---------------------
Parameters for evaluation 77:
                      1.0000000000e+00 w
                      1.0000000000e+00 t
                      5.0000000000e+00 L
                      4.7862591645e+02 p
                      2.6026285243e+07 E
                      4.2774718845e+01 X
                      1.1103450876e+02 Y

blocking fork: driver.sh /tmp/dakota_params_ad78d8bb /tmp/dakota_results_6f3f6364

Active response data for evaluation 77:
Active set vector = { 1 1 1 }
                      1.3849129500e+00 mass
                      9.2285536600e+04 stress
                      2.2859354800e-03 displacement



---------------------
Begin Evaluation   78
---------------------
Parameters for evaluation 78:
                      1.0000000000e+00 w
                      1.0000000000e+00 t
                      5.0000000000e+00 L
                      5.0719666867e+02 p
                      2.9176699620e+07 E
                      4.9163185941e+01 X
                      1.0254785685e+02 Y

blocking fork: driver.sh /tmp/dakota_params_b61af73f /tmp/dakota_results_6ba38164

Active response data for evaluation 78:
Active set vector = { 1 1 1 }
                      1.4675829500e+00 mass
                      9.1026625700e+04 stress
                      1.9488788900e-03 displacement



---------------------
Begin Evaluation   79
---------------------
Parameters for evaluation 79:
                      1.0000000000e+00 w
                      1.0000000000e+00 t
                      5.0000000000e+00 L
                      4.9903008066e+02 p
                      2.9881844742e+07 E
                      5.1122278861e+01 X
                      9.9030703625e+01 Y

blocking fork: driver.sh /tmp/dakota_params_a0c99579 /tmp/dakota_results_a7b97898

Active response data for evaluation 79:
Active set vector = { 1 1 1 }
                      1.4439527800e+00 mass
                      9.0091789500e+04 stress
                      1.8648045600e-03 displacement



---------------------
Begin Evaluation   80
---------------------
Parameters for evaluation 80:
                      1.0000000000e+00 w
                      1.0000000000e+00 t
                      5.0000000000e+00 L
                      4.4759042221e+02 p
                      2.9601460681e+07 E
                      5.0065060326e+01 X
                      1.0060608187e+02 Y

blocking fork: driver.sh /tmp/dakota_params_52bf54c1 /tmp/dakota_results_34ea9caf

Active response data for evaluation 80:
Active set vector = { 1 1 1 }
                      1.2951111800e+00 mass
                      9.0402685300e+04 stress
                      1.8981291800e-03 displacement



---------------------
Begin Evaluation   81
---------------------
Parameters for evaluation 81:
                      1.0000000000e+00 w
                      1.0000000000e+00 t
                      5.0000000000e+00 L
                      5.2429916858e+02 p
                      2.9701310766e+07 E
                      4.8712056489e+01 X
                      9.3455213108e+01 Y

blocking fork: driver.sh /tmp/dakota_params_30e3f757 /tmp/dakota_results_d97d7e8d

Active response data for evaluation 81:
Active set vector = { 1 1 1 }
                      1.5170693500e+00 mass
                      8.5300361800e+04 stress
                      1.7741393000e-03 displacement



---------------------
Begin Evaluation   82
---------------------
Parameters for evaluation 82:
                      1.0000000000e+00 w
                      1.0000000000e+00 t
                      5.0000000000e+00 L
                      4.9621607639e+02 p
                      3.0233195197e+07 E
                      4.8112487782e+01 X
                      9.7422835286e+01 Y

blocking fork: driver.sh /tmp/dakota_params_5f448693 /tmp/dakota_results_b7573bf8

Active response data for evaluation 82:
Active set vector = { 1 1 1 }
                      1.4358104100e+00 mass
                      8.7321193800e+04 stress
                      1.7969571400e-03 displacement



---------------------
Begin Evaluation   83
---------------------
Parameters for evaluation 83:
                      1.0000000000e+00 w
                      1.0000000000e+00 t
                      5.0000000000e+00 L
                      5.0955167123e+02 p
                      2.9469589055e+07 E
                      5.3900620294e+01 X
                      9.9113979632e+01 Y

blocking fork: driver.sh /tmp/dakota_params_a78cc0f1 /tmp/dakota_results_a1ff6611

Active response data for evaluation 83:
Active set vector = { 1 1 1 }
                      1.4743972000e+00 mass
                      9.1808760000e+04 stress
                      1.9142146800e-03 displacement



---------------------
Begin Evaluation   84
---------------------
Parameters for evaluation 84:
                      1.0000000000e+00 w
                      1.0000000000e+00 t
                      5.0000000000e+00 L
                      4.8205848088e+02 p
                      2.7611430800e+07 E
                      5.5397183627e+01 X
                      1.0265921123e+02 Y

blocking fork: driver.sh /tmp/dakota_params_1ef1024d /tmp/dakota_results_555da7b4

Active response data for evaluation 84:
Active set vector = { 1 1 1 }
                      1.3948451400e+00 mass
                      9.4833836900e+04 stress
                      2.1123916300e-03 displacement



---------------------
Begin Evaluation   85
---------------------
Parameters for evaluation 85:
                      1.0000000000e+00 w
                      1.0000000000e+00 t
                      5.0000000000e+00 L
                      4.6182114277e+02 p
                      2.8750792480e+07 E
                      4.9635127783e+01 X
                      1.0877106279e+02 Y

blocking fork: driver.sh /tmp/dakota_params_956fe223 /tmp/dakota_results_aa056886

Active response data for evaluation 85:
Active set vector = { 1 1 1 }
                      1.3362880300e+00 mass
                      9.5043714300e+04 stress
                      2.0792613200e-03 displacement



---------------------
Begin Evaluation   86
---------------------
Parameters for evaluation 86:
                      1.0000000000e+00 w
                      1.0000000000e+00 t
                      5.0000000000e+00 L
                      4.8395699261e+02 p
                      3.1702906904e+07 E
                      5.7468152794e+01 X
                      9.5596398462e+01 Y

blocking fork: driver.sh /tmp/dakota_params_02a53d76 /tmp/dakota_results_f994f042

Active response data for evaluation 86:
Active set vector = { 1 1 1 }
                      1.4003385200e+00 mass
                      9.1838730800e+04 stress
                      1.7591509300e-03 displacement



---------------------
Begin Evaluation   87
---------------------
Parameters for evaluation 87:
                      1.0000000000e+00 w
                      1.0000000000e+00 t
                      5.0000000000e+00 L
                      4.5695970408e+02 p
                      3.1123556060e+07 E
                      4.5555556621e+01 X
                      1.0145862752e+02 Y

blocking fork: driver.sh /tmp/dakota_params_c23b06b2 /tmp/dakota_results_e9498752

Active response data for evaluation 87:
Active set vector = { 1 1 1 }
                      1.3222213700e+00 mass
                      8.8208510500e+04 stress
                      1.7866970800e-03 displacement



---------------------
Begin Evaluation   88
---------------------
Parameters for evaluation 88:
                      1.0000000000e+00 w
                      1.0000000000e+00 t
                      5.0000000000e+00 L
                      4.8747605662e+02 p
                      3.0604549461e+07 E
                      4.9044152715e+01 X
                      9.0408709981e+01 Y

blocking fork: driver.sh /tmp/dakota_params_993fac35 /tmp/dakota_results_55ca9431

Active response data for evaluation 88:
Active set vector = { 1 1 1 }
                      1.4105210000e+00 mass
                      8.3671717600e+04 stress
                      1.6803804900e-03 displacement



---------------------
Begin Evaluation   89
---------------------
Parameters for evaluation 89:
                      1.0000000000e+00 w
                      1.0000000000e+00 t
                      5.0000000000e+00 L
                      5.0196391904e+02 p
                      2.9055550816e+07 E
                      4.6228350155e+01 X
                      9.6592098479e+01 Y

blocking fork: driver.sh /tmp/dakota_params_2ed67f2a /tmp/dakota_results_8375af20

Active response data for evaluation 89:
Active set vector = { 1 1 1 }
                      1.4524419000e+00 mass
                      8.5692269200e+04 stress
                      1.8427549000e-03 displacement



---------------------
Begin Evaluation   90
---------------------
Parameters for evaluation 90:
                      1.0000000000e+00 w
                      1.0000000000e+00 t
                      5.0000000000e+00 L
                      4.7908010207e+02 p
                      2.8850536545e+07 E
                      5.0194042009e+01 X
                      9.9794245344e+01 Y

blocking fork: driver.sh /tmp/dakota_params_4f732dd4 /tmp/dakota_results_e23cf2bf

Active response data for evaluation 90:
Active set vector = { 1 1 1 }
                      1.3862271500e+00 mass
                      8.9992972400e+04 stress
                      1.9359511700e-03 displacement



---------------------
Begin Evaluation   91
---------------------
Parameters for evaluation 91:
                      1.0000000000e+00 w
                      1.0000000000e+00 t
                      5.0000000000e+00 L
                      4.8155354365e+02 p
                      2.7913342596e+07 E
                      5.5994056376e+01 X
                      8.8986214862e+01 Y

blocking fork: driver.sh /tmp/dakota_params_0f6fa54a /tmp/dakota_results_2a5ef59f

Active response data for evaluation 91:
Active set vector = { 1 1 1 }
                      1.3933841000e+00 mass
                      8.6988162700e+04 stress
                      1.8832828300e-03 displacement



---------------------
Begin Evaluation   92
---------------------
Parameters for evaluation 92:
                      1.0000000000e+00 w
                      1.0000000000e+00 t
                      5.0000000000e+00 L
                      4.6628064138e+02 p
                      2.9850730562e+07 E
                      4.7889183662e+01 X
                      9.9597365039e+01 Y

blocking fork: driver.sh /tmp/dakota_params_6cc1c46e /tmp/dakota_results_094c064f

Active response data for evaluation 92:
Active set vector = { 1 1 1 }
                      1.3491916700e+00 mass
                      8.8491929200e+04 stress
                      1.8510850700e-03 displacement



---------------------
Begin Evaluation   93
---------------------
Parameters for evaluation 93:
                      1.0000000000e+00 w
                      1.0000000000e+00 t
                      5.0000000000e+00 L
                      4.8023254748e+02 p
                      3.1028204596e+07 E
                      5.0291958180e+01 X
                      9.5102248123e+01 Y

blocking fork: driver.sh /tmp/dakota_params_f74bc1e6 /tmp/dakota_results_b487d7b8

Active response data for evaluation 93:
Active set vector = { 1 1 1 }
                      1.3895617700e+00 mass
                      8.7236523800e+04 stress
                      1.7336036700e-03 displacement



---------------------
Begin Evaluation   94
---------------------
Parameters for evaluation 94:
                      1.0000000000e+00 w
                      1.0000000000e+00 t
                      5.0000000000e+00 L
                      5.1238144869e+02 p
                      2.6718419926e+07 E
                      4.5214606509e+01 X
                      9.3092666853e+01 Y

blocking fork: driver.sh /tmp/dakota_params_12fcb242 /tmp/dakota_results_9c036db4

Active response data for evaluation 94:
Active set vector = { 1 1 1 }
                      1.4825852100e+00 mass
                      8.2984364000e+04 stress
                      1.9367173400e-03 displacement



---------------------
Begin Evaluation   95
---------------------
Parameters for evaluation 95:
                      1.0000000000e+00 w
                      1.0000000000e+00 t
                      5.0000000000e+00 L
                      5.0310576317e+02 p
                      2.9655858617e+07 E
                      5.1017583774e+01 X
                      9.2178466870e+01 Y

blocking fork: driver.sh /tmp/dakota_params_2c0d8258 /tmp/dakota_results_42b993ab

Active response data for evaluation 95:
Active set vector = { 1 1 1 }
                      1.4557458400e+00 mass
                      8.5917630400e+04 stress
                      1.7762922100e-03 displacement



---------------------
Begin Evaluation   96
---------------------
Parameters for evaluation 96:
                      1.0000000000e+00 w
                      1.0000000000e+00 t
                      5.0000000000e+00 L
                      4.9954627057e+02 p
                      3.2092034684e+07 E
                      5.4441711373e+01 X
                      1.0603122065e+02 Y

blocking fork: driver.sh /tmp/dakota_params_d8323403 /tmp/dakota_results_131dad90

Active response data for evaluation 96:
Active set vector = { 1 1 1 }
                      1.4454463800e+00 mass
                      9.6283759200e+04 stress
                      1.8570200800e-03 displacement



---------------------
Begin Evaluation   97
---------------------
Parameters for evaluation 97:
                      1.0000000000e+00 w
                      1.0000000000e+00 t
                      5.0000000000e+00 L
                      5.0494218507e+02 p
                      2.7771107452e+07 E
                      4.9844315491e+01 X
                      9.6851869733e+01 Y

blocking fork: driver.sh /tmp/dakota_params_37f208d5 /tmp/dakota_results_a60faea4

Active response data for evaluation 97:
Active set vector = { 1 1 1 }
                      1.4610595600e+00 mass
                      8.8017711100e+04 stress
                      1.9611279400e-03 displacement



---------------------
Begin Evaluation   98
---------------------
Parameters for evaluation 98:
                      1.0000000000e+00 w
                      1.0000000000e+00 t
                      5.0000000000e+00 L
                      5.0266994905e+02 p
                      2.5504250198e+07 E
                      4.7412944187e+01 X
                      1.0824095175e+02 Y

blocking fork: driver.sh /tmp/dakota_params_2cee4f0c /tmp/dakota_results_d232e047

Active response data for evaluation 98:
Active set vector = { 1 1 1 }
                      1.4544848100e+00 mass
                      9.3392337600e+04 stress
                      2.3166678800e-03 displacement



---------------------
Begin Evaluation   99
---------------------
Parameters for evaluation 99:
                      1.0000000000e+00 w
                      1.0000000000e+00 t
                      5.0000000000e+00 L
                      4.7710745706e+02 p
                      2.9817757037e+07 E
                      5.2176830663e+01 X
                      1.0008424780e+02 Y

blocking fork: driver.sh /tmp/dakota_params_8191dfc5 /tmp/dakota_results_9376a30f

Active response data for evaluation 99:
Active set vector = { 1 1 1 }
                      1.3805192600e+00 mass
                      9.1356647100e+04 stress
                      1.8926375200e-03 displacement



---------------------
Begin Evaluation  100
---------------------
Parameters for evaluation 100:
                      1.0000000000e+00 w
                      1.0000000000e+00 t
                      5.0000000000e+00 L
                      5.3321003178e+02 p
                      2.7059786221e+07 E
                      4.5816214029e+01 X
                      1.0153689475e+02 Y

blocking fork: driver.sh /tmp/dakota_params_bab5cd5b /tmp/dakota_results_148d4a65

Active response data for evaluation 100:
Active set vector = { 1 1 1 }
                      1.5428531000e+00 mass
                      8.8411865300e+04 stress
                      2.0583143300e-03 displacement


<<<<< Function evaluation summary: 100 total (100 new, 0 duplicate)

Statistics based on 100 samples:

Moment-based statistics for each response function:
                            Mean           Std Dev          Skewness          Kurtosis
          mass  1.4460475709e+00  8.8239262134e-02 -1.6051074470e-01  2.5955294928e-01
        stress  8.9986343326e+04  4.0344159128e+03  6.4230716871e-02  1.0335094626e-01
  displacement  1.9378806350e-03  1.6660999428e-04  5.5574418567e-01  5.8860476955e-01

95% confidence intervals for each response function:
                    LowerCI_Mean      UpperCI_Mean    LowerCI_StdDev    UpperCI_StdDev
          mass  1.4285389869e+00  1.4635561549e+00  7.7474676187e-02  1.0250536737e-01
        stress  8.9185827682e+04  9.0786858970e+04  3.5422447886e+03  4.6866811355e+03
  displacement  1.9048215975e-03  1.9709396725e-03  1.4628471549e-04  1.9354670764e-04

Level mappings for each response function:
Cumulative Distribution Function (CDF) for mass:
     Response Level  Probability Level  Reliability Index  General Rel Index
     --------------  -----------------  -----------------  -----------------
   1.1683297300e+00   1.0000000000e-03
   1.1683297300e+00   1.0000000000e-02
   1.2951111800e+00   5.0000000000e-02
   1.3316578300e+00   1.0000000000e-01
   1.3559746900e+00   1.5000000000e-01
   1.3734105800e+00   2.0000000000e-01
   1.4003385200e+00   3.0000000000e-01
   1.4245467700e+00   4.0000000000e-01
   1.4454463800e+00   5.0000000000e-01
   1.4675829500e+00   6.0000000000e-01
   1.4898662800e+00   7.0000000000e-01
   1.5170693500e+00   8.0000000000e-01
   1.5366167400e+00   8.5000000000e-01
   1.5533642600e+00   9.0000000000e-01
   1.5826375800e+00   9.5000000000e-01
   1.6395924500e+00   9.9000000000e-01
   1.6573615100e+00   9.9900000000e-01
Cumulative Distribution Function (CDF) for stress:
     Response Level  Probability Level  Reliability Index  General Rel Index
     --------------  -----------------  -----------------  -----------------
   7.7997468800e+04   1.0000000000e-03
   7.7997468800e+04   1.0000000000e-02
   8.3671717600e+04   5.0000000000e-02
   8.4896173100e+04   1.0000000000e-01
   8.5692269200e+04   1.5000000000e-01
   8.6808656400e+04   2.0000000000e-01
   8.8017711100e+04   3.0000000000e-01
   8.8411865300e+04   4.0000000000e-01
   8.9992972400e+04   5.0000000000e-01
   9.1026625700e+04   6.0000000000e-01
   9.1889461500e+04   7.0000000000e-01
   9.2934184300e+04   8.0000000000e-01
   9.4833836900e+04   8.5000000000e-01
   9.5469732100e+04   9.0000000000e-01
   9.6283759200e+04   9.5000000000e-01
   9.9248136000e+04   9.9000000000e-01
   1.0083457000e+05   9.9900000000e-01
Cumulative Distribution Function (CDF) for displacement:
     Response Level  Probability Level  Reliability Index  General Rel Index
     --------------  -----------------  -----------------  -----------------
   1.5698924700e-03   1.0000000000e-03
   1.5698924700e-03   1.0000000000e-02
   1.6803804900e-03   5.0000000000e-02
   1.7372604700e-03   1.0000000000e-01
   1.7741058400e-03   1.5000000000e-01
   1.7946943400e-03   2.0000000000e-01
   1.8427549000e-03   3.0000000000e-01
   1.8926375200e-03   4.0000000000e-01
   1.9187101700e-03   5.0000000000e-01
   1.9517468600e-03   6.0000000000e-01
   1.9921954900e-03   7.0000000000e-01
   2.0714870400e-03   8.0000000000e-01
   2.1123916300e-03   8.5000000000e-01
   2.1653179900e-03   9.0000000000e-01
   2.2000978300e-03   9.5000000000e-01
   2.3166678800e-03   9.9000000000e-01
   2.5102081500e-03   9.9900000000e-01

Probability Density Function (PDF) histograms for each response function:
PDF for mass:
          Bin Lower          Bin Upper      Density Value
          ---------          ---------      -------------
   1.1683297300e+00   1.2951111800e+00   3.1550356933e-01
   1.2951111800e+00   1.3316578300e+00   1.3681144510e+00
   1.3316578300e+00   1.3559746900e+00   2.0561865307e+00
   1.3559746900e+00   1.3734105800e+00   2.8676482818e+00
   1.3734105800e+00   1.4003385200e+00   3.7136149293e+00
   1.4003385200e+00   1.4245467700e+00   4.1308231698e+00
   1.4245467700e+00   1.4454463800e+00   4.7847782806e+00
   1.4454463800e+00   1.4675829500e+00   4.5174116857e+00
   1.4675829500e+00   1.4898662800e+00   4.4876596092e+00
   1.4898662800e+00   1.5170693500e+00   3.6760556805e+00
   1.5170693500e+00   1.5366167400e+00   2.5578862447e+00
   1.5366167400e+00   1.5533642600e+00   2.9855166616e+00
   1.5533642600e+00   1.5826375800e+00   1.7080399490e+00
   1.5826375800e+00   1.6395924500e+00   7.0231044334e-01
   1.6395924500e+00   1.6573615100e+00   1.1255519425e+00
PDF for stress:
          Bin Lower          Bin Upper      Density Value
          ---------          ---------      -------------
   7.7997468800e+04   8.3671717600e+04   7.0493912780e-06
   8.3671717600e+04   8.4896173100e+04   4.0834477039e-05
   8.4896173100e+04   8.5692269200e+04   6.2806487810e-05
   8.5692269200e+04   8.6808656400e+04   4.4787328267e-05
   8.6808656400e+04   8.8017711100e+04   8.2709243841e-05
   8.8017711100e+04   8.8411865300e+04   2.5370781283e-04
   8.8411865300e+04   8.9992972400e+04   6.3246822432e-05
   8.9992972400e+04   9.1026625700e+04   9.6744237163e-05
   9.1026625700e+04   9.1889461500e+04   1.1589690646e-04
   9.1889461500e+04   9.2934184300e+04   9.5719170674e-05
   9.2934184300e+04   9.4833836900e+04   2.6320601988e-05
   9.4833836900e+04   9.5469732100e+04   7.8629308729e-05
   9.5469732100e+04   9.6283759200e+04   6.1423016506e-05
   9.6283759200e+04   9.9248136000e+04   1.3493561277e-05
   9.9248136000e+04   1.0083457000e+05   1.2606890674e-05
PDF for displacement:
          Bin Lower          Bin Upper      Density Value
          ---------          ---------      -------------
   1.5698924700e-03   1.6803804900e-03   3.6203020020e+02
   1.6803804900e-03   1.7372604700e-03   8.7904390965e+02
   1.7372604700e-03   1.7741058400e-03   1.3570226056e+03
   1.7741058400e-03   1.7946943400e-03   2.4285402045e+03
   1.7946943400e-03   1.8427549000e-03   2.0807081732e+03
   1.8427549000e-03   1.8926375200e-03   2.0047062484e+03
   1.8926375200e-03   1.9187101700e-03   3.8354367508e+03
   1.9187101700e-03   1.9517468600e-03   3.0269376260e+03
   1.9517468600e-03   1.9921954900e-03   2.4722716196e+03
   1.9921954900e-03   2.0714870400e-03   1.2611684347e+03
   2.0714870400e-03   2.1123916300e-03   1.2223567086e+03
   2.1123916300e-03   2.1653179900e-03   9.4470883696e+02
   2.1653179900e-03   2.2000978300e-03   1.4376144341e+03
   2.2000978300e-03   2.3166678800e-03   3.4314131288e+02
   2.3166678800e-03   2.5102081500e-03   1.0333766714e+02

Simple Correlation Matrix among all inputs and outputs:
                        p            E            X            Y         mass       stress displacement 
           p  1.00000e+00 
           E  1.92960e-02  1.00000e+00 
           X  1.32063e-02  1.84421e-02  1.00000e+00 
           Y -6.85336e-03  1.49105e-02 -2.18939e-02  1.00000e+00 
        mass  1.00000e+00  1.92960e-02  1.32063e-02 -6.85336e-03  1.00000e+00 
      stress -4.03830e-04  2.16527e-02  4.20500e-01  8.97868e-01 -4.03832e-04  1.00000e+00 
displacement -1.74372e-02 -8.03748e-01  1.03022e-01  5.61180e-01 -1.74372e-02  5.54644e-01  1.00000e+00 

Partial Correlation Matrix between input and output:
                     mass       stress displacement 
           p  1.00000e+00  3.25812e-02  5.55824e-03 
           E  2.61028e-01  2.45138e-02 -9.93771e-01 
           X -1.88742e-01  1.00000e+00  8.19505e-01 
           Y  4.83441e-03  1.00000e+00  9.87663e-01 

Simple Rank Correlation Matrix among all inputs and outputs:
                        p            E            X            Y         mass       stress displacement 
           p  1.00000e+00 
           E  1.25173e-02  1.00000e+00 
           X -6.84068e-03 -4.12841e-03  1.00000e+00 
           Y  2.80828e-03  3.03030e-02 -7.96880e-03  1.00000e+00 
        mass  1.00000e+00  1.25173e-02 -6.84068e-03  2.80828e-03  1.00000e+00 
      stress -1.68977e-02  3.09631e-02  4.11149e-01  8.93933e-01 -1.68977e-02  1.00000e+00 
displacement  1.92019e-02 -7.78662e-01  1.18536e-01  5.42406e-01  1.92019e-02  5.41626e-01  1.00000e+00 

Partial Rank Correlation Matrix between input and output:
                     mass       stress displacement 
           p  1.00000e+00 -1.03330e-01  1.17175e-01 
           E -7.76483e-03  3.56469e-02 -9.57160e-01 
           X  3.89881e-03  9.33941e-01  4.46217e-01 
           Y -9.46452e-04  9.84443e-01  9.20586e-01 

There may be some numerical issues associated with the calculation of the 
partial rank correlation coefficients above.  This can be due to very small 
numbers of input samples, or to ill-conditioned matrices, 
in situations where the partials are very close to zero, -1, or +1.


<<<<< Iterator random_sampling completed.
<<<<< Environment execution completed.
DAKOTA execution time in seconds:
  Total CPU        =        0.1 [parent =   0.102985, child =  -0.002985]
  Total wall clock =    6.16753
