  THIS PROGRAM MODELS A RANKINE CYCLE SPACE POWER
  SYSTEM.  THE SYSTEM CONSISTS OF A LIQUID METAL
  COOLED REACTOR, A TURBINE, A GENERATOR
  A RADIATOR, AND POWER CONDITIONING.
  THREE TYPES OF CYCLES ARE COVERED:
     1. A DIRECT CYCLE WITH NO SUPERHEAT, A VAPOR
        SEPARATOR, AND LITHIUM AS A WORKING FLUID.
     2. AND AN INDIRECT CYCLE WITH SUPERHEAT, A HEAT-
        EXCHANGER, POTASSIUM AS A WORKING FLUID AND
        LITHIUM AS A REACTOR COOLANT.
  CONDENSER TEMPERATURE IS OPTIMIZED
  TO GET EITHER MINIMUM SYSTEM WEIGHT OR COST.




  ENTER VALUES FOR ELECTRICAL POWER IN MW AND
  OPERATING TIME IN HOURS.   
  ENTER "WEIGHT" OR "COST" AS PARAMETER TO BE
    MINIMIZED (IN CAPITAL LETTERS).   
  THE FOLLOWING ARE DEFAULT PARAMETER VALUES.
  THEY MAY BE CHANGED IF YOU WISH.


  CYCLE PARAMETERS:
       1.   1200. TURBINE INLET TEMP, K
       2.   1. CYCLE TYPE  1-DIRECT, 2-INDIRECT
       3.   1. TURBINE INLET/SATURATION PRESSURE
       4.   0.949999988 GENERATOR EFFICIENCY
       5.   0.949999988 POWER CONDITIONING EFFICIENCY


  REACTOR PARAMETERS:
       6.   0.930000007 FRACTIONAL FUEL ENRICHMENT
       7.   18. CRITICAL COMPACT MASS, Kg
       8.   12170. FUEL DENSITY, kg/m3
       9.   1. CRITICAL MASS CORRECTION FACT
      10.   0.280000001 FUEL + MODERATOR VOL FRACT
      11.   150000. FUEL POWER DENSITY, W/kg
      12.   0.0700000003 FUEL BURNUP FRACTION LIMIT
      13.   0. MODERATOR-TO-FUEL RATIO
      14.   39. MODERATOR MOLECULAR WEIGHT
      15.   1. MODERATOR DENSITY, Kg/m3
      16.   1.42999995 STRUCTURE TO FUEL & MOD RATIO
      17.   8300. STRUCTURE DENSITY, kg/m3
      18.   0.839999974 CORE REMOVAL X-SECTION, cm-1
      19.   0.232999995 CORE GAMMA ATTEN X-SECT, cm-1
      20.   4.99999992E+16 ALLOWED PAYLOAD NEUTRON DOSE, nvt
      21.   25. PAYLOAD SEPARATION DISTANCE, m
      22.   15. PROTECTION CONE HALF ANGLE, DEG
      23.   2. NEUTRON SHIELD MATL-B4C=1, LIH=2
      24.   10000000. ALLOWED PAYLOAD GAMMA DOSE, R


  TURBINE PARAMETERS
      25.   4. NUMBER OF TURBINES
      26.   1. TURBINE MATERIAL  1-Ni, 2-Ta
      27.   10000. TURBINE SPEED,  RPM
      28.   1.5 TURBINE WORK COEFFICIENT
      29.   0. DISK COOL PARAM,  0-NO, 1-YES


  RADIATOR PARAMETERS:
      30.   0.879999995 RADIATOR EMITTANCE




  ENTER THE NUMBER OF PARAMETERS YOU WISH TO CHANGE.   
       6.   0.76755172 FRACTIONAL FUEL ENRICHMENT
      13.   0.114631452 MODERATOR-TO-FUEL RATIO
      22.   5.18354177 PROTECTION CONE HALF ANGLE, DEG
      25.   4. NUMBER OF TURBINES
    TURBINE CONDENSER     CYCLE  RCT+SHLD  POW CONV  RADIATOR     TOTAL     TOTAL
   TEMP (K)  TEMP (K)     EFFIC   WT (Kg)   WT (Kg)   WT (Kg)   WT (Kg) COST (M$)


   1200.000  1125.000     0.055   363959.    12945.    19853.   436433.     2196.
   1200.000  1100.000     0.072   278785.    10554.    16219.   336113.     1688.
   1200.000  1075.000     0.090   227239.     9138.    14163.   275594.     1380.
   1200.000  1050.000     0.106   192631.     8211.    12912.   235130.     1174.
   1200.000  1025.000     0.123   167762.     7565.     8091.   201760.     1020.
   1200.000  1000.000     0.139   149010.     7098.     7782.   180278.      909.
   1200.000   975.000     0.154   134354.     6750.     7624.   163601.      822.
   1200.000   950.000     0.170   122576.     6574.     7583.   150407.      753.
   1200.000   925.000     0.185   112900.     6449.     7641.   139689.      696.
   1200.000   900.000     0.200   104803.     6358.     7787.   130843.      649.
   1200.000   875.000     0.214    97926.     6353.     8017.   123526.      610.
   1200.000   850.000     0.228    92008.     6386.     8332.   117400.      576.
   1200.000   825.000     0.242    86860.     6457.     8737.   112260.      547.
   1200.000   800.000     0.256    82339.     6568.     9238.   107960.      522.
   1200.000   775.000     0.269    78334.     6724.     9849.   104397.      500.
   1200.000   750.000     0.283    74760.     6929.    10585.   101501.      481.
   1200.000   725.000     0.296    71549.     7190.    11468.    99228.      465.
   1200.000   700.000     0.309    68647.     7519.    12527.    97562.      451.
   1200.000   675.000     0.321    66010.     7927.     8624.    90817.      431.
   1200.000   650.000     0.334    63603.     8431.     9583.    89777.      420.
   1200.000   625.000     0.346    63075.     9053.    10746.    91161.      421.
   1200.000   600.000     0.358    62752.     9820.    12170.    93216.      424.
   1200.000   575.000     0.370    62448.    10765.    13931.    95858.      428.
   1200.000   550.000     0.382    62160.    11945.    16135.    99264.      434.
   1200.000   525.000     0.394    61888.    13426.    18934.   103673.      442.
   1200.000   500.000     0.405    61630.    15302.    22554.   109434.      453.
   1200.000   475.000     0.417    61383.    17698.    27342.   117065.      467.
   1200.000   450.000     0.428    61147.    20795.    33853.   127375.      487.
   1200.000   425.000     0.440    60921.    24847.    43037.   141685.      514.
   1200.000   400.000     0.451    60704.    30230.    56641.   162333.      553.
   1200.000   375.000     0.462    60495.    37502.    78273.   193897.      611.
   1200.000   350.000     0.473    60293.    47519.   116710.   246975.      706.
   1200.000   325.000     0.485    60097.    61633.   200263.   354193.      888.
   1200.000   300.000     0.496    59908.    82044.   498845.   704876.     1436.
   1200.000   650.000     0.334    63603.     8431.     9583.    89777.      420.




  CYCLE PARAMETERS
     CYCLE EFFICIENCY                   =   0.333672643
     THERMAL POWER-MW                   =   16.6035976
     MASS FLOW RATE-Kg/s                =   7.35160398
     TURBINE INLET TEMP-K               =   1200.
     CONDENSER TEMP-K                   =   650.
     BOILER TEMP-K                      =   1200.
     BOILER PRESSURE-MPa                =   0.387536079
     CONDENSER PRESSURE-MPa             =   0.000397626427
     REACTOR OUTLET TEMP-K              =   1200.
     REACTOR INLET TEMP-K               =   650.
     REACTOR PRESSURE-MPa               =   0.387536079
     REACTOR FLOW RATE-kg/s             =   7.35160398


  REACTOR PARAMETERS
     BURNUP MASS-Kg                     =   18.7673969
     INITIAL CRITICAL MASS-Kg           =   243.608627
     END CRITICAL MASS-Kg               =   247.89563
     TOTAL BRNUP+CRIT MASS-Kg           =   266.663025
     SPECIFIC POWER-W/Kg                =   150000.
     MASS FOR SPECIFIC POWER LIM-Kg     =   143.897842
     MASS FOR ALLOWED BURNUP-Kg         =   267.520447
     FUEL MASS-Kg                       =   267.520447
     MODERATOR MASS-Kg                  =   3.90629625
     STRUCTURE MASS-Kg                  =   46624.7305
     REFLECTOR MASS-Kg                  =   10118.8955
     PRESSURE VESSEL MASS-Kg            =   3520.4021
     MISCELLANEOUS MASS-Kg              =   271.426758
     TOTAL REACTOR MASS-Kg              =   60806.8828
     NEUTRON SHIELD THICKNESS-m         =   0.
     NEUTRON SHIELD MASS-Kg             =   0.
     GAMMA SHIELD THICKNESS-m           =   0.0112421801
     GAMMA SHIELD MASS-Kg               =   2795.69775
     TOTAL SHIELD MASS-Kg               =   2795.69775


  RADIATOR PARAMETERS
     TOTAL AREA-m2                      =   1533.20776
     TOTAL WEIGHT-Kg                    =   9582.54883


  POWER CONVERSION PARAMETERS
     TURBINE WEIGHT-Kg                  =   4254.19922
     TURBINE SPEED-RPM                  =   10000.
     TURBINE EFFICIENCY                 =   0.78366667
     HEAT EXCHANGER WEIGHT-kg           =   0.
     VAPOR SEPARATOR WEIGHT-kg          =   750.777039
     CONDENSER WEIGHT-kg                =   750.777039
     GENERATOR WEIGHT-Kg                =   526.315796
     POWER CONDITIONING WEIGHT-Kg       =   1000.
     GEN & PC RADIATOR WEIGHT-Kg        =   1148.6792
     GEN & PC RADIATOR AREA-m2          =   183.788666
     TOTAL WEIGHT-Kg                    =   8430.74805




  WEIGHT AND COST SUMMARY
     REACTOR WEIGHT-Kg                  =   60806.8828
     SHIELD WEIGHT-Kg                   =   2795.69775
     POWER CONVERSION WEIGHT-Kg         =   8430.74805
     RADIATOR WEIGHT-Kg                 =   9582.54883
     MISCELLANEOUS WEIGHT-Kg            =   8161.58789
     TTOTAL WEIGHT-Kg                   =   89777.4688


     REACTOR+SHIELD COST-M$             =   279.851349
     POWER CONVERSION COST-M$           =   23.3201904
     RADIATOR COST-M$                   =   1.91650975
     LAUNCH COST-M$                     =   114.915154
     TOTAL COST-M$                      =   420.003204
